0 60 9 8 2 16 75 31 56 74 3 98 7 77 63 49 48 57 46 40 92 14 23 78 50 72 87 93 19 94 58 13 90 15 67 43 34 30 22 69 84 91 25 51 32 97 28 83 88 36 85 54 71 73 65 96 80 86 62 52 79 81
0 9
0 60
60 52
9 3
9 50
8 78
8 14
8 23
2 16
2 74
2 75
16 56
75 81
31 50
56 34
74 71
98 73
98 7
7 40
77 49
77 83
63 85
63 32
63 67
49 15
48 57
48 62
57 94
57 81
46 71
40 58
92 79
92 50
23 13
78 79
72 51
72 13
72 15
87 67
87 69
93 80
93 88
19 22
58 22
90 54
90 83
43 80
30 36
69 86
69 28
84 86
91 54
25 32
25 51
51 65
32 88
97 80
36 73
71 96
71 73
96 80