0 15 25 26 27 1 17 18 29 2 19 33 3 6 34 36 4 10 37 38 39 5 40 41 42 12 43 44 7 13 46 47 48 8 49 50 51 9 52 53 54 55 56 57 58 59 60 16 64 65 66 14 20 68 23 71 72 73 76 21 24 79 80 82 86 89 22 91 92 94 98 99
0 26
0 27
0 25
15 72
15 71
26 36
27 43
27 57
1 29
17 76
18 80
18 79
29 34
2 33
19 82
33 53
3 34
3 36
6 44
6 43
34 94
34 82
4 39
4 37
4 38
10 57
10 56
10 55
37 53
38 58
38 72
5 40
5 42
5 41
40 58
12 16
7 47
7 46
7 48
13 66
13 65
13 64
47 52
48 60
8 50
8 49
8 51
49 99
50 56
51 73
9 52
9 54
9 53
52 55
52 76
55 80
59 64
16 73
65 86
65 68
14 68
20 86
23 94
71 86
21 89
24 99
24 98
79 89
22 92
22 91
91 98