79 48 84 19 24 47 53 43 73 8 31 33 14 61 4 38 74 10 85 50 13 29 3 62 69 55 15 52 95 83 76 23 65 40 27 16 51 71 89 6 2 66 87 41 94 36 44 70 92 57 97 59 45 64 56 30 32 28 63 20 98 78 93 60 25 35 39 91
79 62
79 83
48 62
84 40
84 50
19 29
19 94
24 44
24 4
24 87
47 43
47 3
53 60
53 3
53 93
43 64
43 28
73 40
73 92
73 36
8 10
8 39
8 89
31 14
31 55
31 32
31 60
33 15
14 6
61 66
61 15
61 69
4 16
4 60
4 70
38 55
74 78
74 85
50 39
13 44
13 40
29 71
29 2
62 71
15 45
15 51
52 40
95 64
76 20
23 41
23 35
23 30
65 66
27 89
16 56
51 98
71 78
71 59
71 66
66 64
87 91
87 57
44 25
70 30
97 20
56 63
20 91