15 26 60 75 87 19 28 35 57 77 81 2 8 9 20 24 25 40 49 72 54 68 27 31 46 82 99 3 17 51 64 98 61 90 1 14 23 34 44 58 66 94 97 6 42 56 48 13 29 45 70 80 30 76 22 33 78 52 18 73 71 83 10 39 91 69 95
15 81
26 49
26 25
60 68
60 81
75 27
87 51
87 77
87 98
19 58
28 61
28 52
28 76
35 68
57 34
77 70
77 58
81 95
81 31
81 20
81 30
81 80
2 10
2 6
8 6
9 99
9 45
20 18
24 48
25 34
40 33
40 1
49 13
72 34
72 66
54 3
54 31
27 99
31 45
31 1
31 64
46 45
46 76
82 23
82 22
99 71
17 44
61 90
1 97
14 42
14 56
44 78
94 71
94 78
97 83
42 33
42 22
56 91
48 70
48 10
48 29
13 10
13 45
78 73
10 39
69 95