0 1 3 10 12 13 11 5 6 8 9 19 14 15 28 20 44 45 22 23 24 29 30 31 34 35 38 39 50 43 41 46 47 48 51 56 49 57 72 52 54 64 61 60 71 70 66 69 86 73 74 77 76 75 82 87 78 79 83 84 89 88
0 3
0 1
1 12
3 10
3 11
10 13
13 14
11 20
5 6
6 9
6 8
8 14
8 28
9 19
19 45
19 44
14 15
28 30
20 22
22 23
23 24
29 30
30 35
30 34
31 38
35 39
35 50
38 39
50 49
43 46
41 46
46 47
47 48
47 56
47 51
48 57
51 52
56 60
56 71
49 57
72 74
72 71
52 54
54 64
61 60
71 70
70 69
70 73
66 69
86 87
73 77
74 76
77 78
76 87
76 75
75 82
82 83
87 88
78 79
83 84
89 88