0 6 69 1 58 40 4 17 36 57 49 55 79 38 43 7 23 42 9 46 10 80 85 95 24 12 22 83 89 14 52 63 65 66 76 16 27 77 18 62 19 78 20 96 98 21 90 93 35 45 39 75 97 54 48 29 31 32 33 87 99 74 92 34 73 47 44 71 50 72 84 91 64
0 6
0 69
6 38
69 80
1 58
58 40
58 72
58 87
40 18
4 57
4 17
17 77
36 31
36 48
57 55
57 75
57 76
57 89
57 97
49 45
79 72
38 27
43 48
43 52
7 23
23 24
42 99
9 46
46 22
10 80
10 85
10 95
80 39
85 18
85 66
95 73
95 98
95 91
24 12
24 14
24 21
24 75
22 63
83 52
89 31
14 63
14 66
52 44
52 71
63 34
65 47
65 64
66 78
66 96
16 27
77 64
18 62
62 29
19 78
20 96
96 50
98 45
21 93
90 71
93 84
35 74
75 74
54 47
31 32
32 33
32 99
33 92