0 1 36 72 91 4 11 34 53 93 59 61 38 71 16 63 79 96 25 43 80 90 6 7 27 37 81 52 84 94 8 24 40 44 10 57 58 88 13 60 70 89 15 45 49 17 41 97 48 78 28 74 42 92 31 55 32 69 54 77 82
0 91
1 11
36 69
36 13
72 8
91 7
4 96
4 16
4 79
4 11
34 17
34 37
53 84
53 55
53 27
93 38
93 61
59 69
61 54
71 24
16 88
63 37
96 97
25 45
43 58
80 54
80 32
90 60
6 27
6 81
6 37
7 52
27 89
37 78
37 54
37 52
81 44
52 94
52 88
94 70
8 24
24 74
40 69
10 58
10 57
57 70
57 15
57 48
57 74
57 77
60 82
89 82
45 74
49 92
41 77
48 42
28 92
42 92
31 32
32 69