0 1 2 4 5 7 9 10 25 12 14 15 16 18 19 20 21 22 24 27 29 32 33 34 35 49 36 38 39 42 44 45 46 47 70 50 55 57 59 60 75 62 63 64 68 69 71 72 74 79 78 80 82 83 84 85 86 87 88 89 90 92 94 95 96 97 98
0 1
0 2
0 4
1 98
2 18
2 68
5 7
7 15
7 39
9 10
10 25
10 12
25 20
25 27
14 24
14 15
15 16
16 18
18 19
19 20
19 44
20 21
22 24
24 38
27 70
29 32
32 35
33 35
33 34
34 49
34 36
34 42
49 45
38 47
44 45
46 47
70 71
70 69
50 55
55 57
57 89
59 60
60 75
60 62
75 78
62 63
63 64
64 74
69 94
71 79
72 74
74 88
79 80
79 82
82 85
83 85
83 84
84 86
84 92
86 87
88 97
89 90
90 92
94 95
96 97
96 98