14 15 91 33 34 86 76 57 29 31 56 20 13 92 59 45 79 32 61 96 23 30 82 90 44 65 52 43 67 36 80 7 2 71 68 26 42 72 46 77 83 8 60 62 49 75 84 63 35 95 69 27 73 5 39 74 22 48 21 78 88 17 12 53 41 85 4 54 93
14 15
15 91
91 75
33 93
33 68
34 45
34 65
86 54
76 54
76 84
57 92
29 77
31 60
56 39
20 92
13 92
92 12
92 4
92 59
59 45
59 90
45 79
32 30
61 96
96 85
23 30
30 74
82 83
82 90
90 7
90 44
52 43
43 74
43 67
67 41
36 80
80 69
80 48
80 93
7 73
2 71
2 17
2 95
68 26
26 4
26 42
42 72
72 62
46 4
46 77
46 84
8 60
60 27
62 27
49 75
49 78
75 84
63 35
35 95
5 39
39 74
22 53
21 93
88 12
17 12
12 53
53 41
85 4