0 1 2 4 5 6 8 9 11 13 15 16 18 20 21 22 23 25 27 29 30 31 33 35 36 38 41 42 43 44 45 48 49 50 51 53 54 55 56 58 59 61 62 64 67 68 69 70 71 73 75 76 78 80 82 83 86 87 88 91 93 94 95 96 99
0 1
0 68
0 73
1 2
2 42
2 13
4 87
4 80
4 5
5 95
5 6
6 75
8 93
8 9
8 71
9 20
9 36
11 41
13 64
15 56
16 27
16 96
18 48
18 33
21 55
22 25
22 91
23 70
25 67
27 50
27 61
27 99
29 67
30 38
30 31
31 35
33 42
35 36
41 42
43 69
43 44
44 45
48 50
48 76
48 55
48 88
49 96
50 51
51 70
51 82
53 54
53 83
53 94
54 99
56 80
58 59
59 94
61 62
67 68
69 95
71 80
75 76
78 83
86 87