52 6 12 37 16 22 76 15 30 96 14 7 87 39 45 92 44 94 57 23 38 68 19 28 13 41 10 59 11 71 31 17 21 48 65 25 53 2 3 36 95 42 93 82 97 47 58 1 20 66 0 70 32 51 33 40 78 56 88 29 98 77 9
52 94
6 95
6 23
12 45
37 0
16 36
22 15
76 28
76 45
15 88
15 68
30 39
96 14
96 44
14 21
14 25
7 70
7 40
87 0
87 78
87 66
87 39
45 1
92 88
44 57
94 21
23 98
23 28
38 56
38 41
38 51
19 71
13 53
10 1
10 0
10 77
10 97
59 1
59 29
11 40
71 78
31 17
17 9
21 78
48 42
65 25
25 53
53 2
3 36
36 95
42 93
93 51
93 70
82 97
97 47
58 98
1 51
20 66
70 9
32 51
51 33
88 29