3 4 7 11 12 10 16 13 17 19 20 22 23 24 26 27 30 28 34 35 38 39 36 40 42 43 45 46 47 48 49 50 51 53 54 52 57 55 61 62 60 65 66 63 67 69 70 72 73 74 75 76 78 79 77 82 80 86 87 90 91 88 92 94 95 96 97
3 7
4 7
7 12
7 11
11 16
11 10
12 17
12 13
16 20
17 22
19 23
20 23
22 24
23 26
24 27
27 28
27 30
30 35
30 34
34 39
34 38
35 36
35 40
39 42
40 45
42 46
43 46
45 47
46 48
47 49
48 50
50 53
51 54
53 57
53 52
54 57
54 55
57 61
57 62
61 65
61 60
61 66
62 63
66 69
66 70
67 72
69 73
72 74
73 75
74 76
75 78
76 79
78 82
78 77
79 82
79 80
82 87
82 86
86 91
86 90
87 92
87 88
91 94
91 95
92 97
96 97