0 19 24 25 26 27 8 28 2 11 7 31 32 33 3 34 35 36 9 10 13 38 39 5 40 41 42 6 43 44 45 47 48 21 50 12 52 53 15 55 57 59 61 62 63 65 68 70 71 72 18 73 74 75 17 23 76 77 78 22 79 80 81 82 83 84 85 87 88 89 90 91 92 93 94 95 96 97 99
0 26
0 27
0 25
19 83
19 82
19 84
24 99
24 97
26 42
26 73
8 50
28 38
28 97
2 31
2 33
2 32
11 59
7 47
7 48
31 35
31 44
33 59
3 36
3 35
3 34
35 95
35 47
36 39
9 52
9 53
10 57
10 55
13 65
5 40
5 41
5 42
40 61
42 81
6 43
6 45
6 44
45 63
47 55
47 85
48 91
48 68
21 89
21 88
21 90
50 84
12 62
12 61
52 62
53 75
15 71
15 70
15 72
65 84
70 74
72 89
18 80
18 79
18 81
74 80
17 77
17 78
17 76
23 96
23 95
23 94
76 84
78 90
22 92
22 91
22 93
82 94
87 95
93 99