0 22 27 1 12 7 28 29 30 2 6 31 32 33 16 24 35 36 4 21 37 38 5 40 41 42 43 44 46 47 48 8 50 52 53 17 55 11 60 62 63 13 64 65 66 67 71 72 19 75 76 77 78 81 82 83 84 23 86 87 88 89 90 91 92 93 94 99
0 27
22 91
22 93
22 92
27 83
1 30
1 28
1 29
12 63
12 62
7 48
7 47
7 46
28 60
29 42
29 47
2 33
2 32
2 31
6 44
6 43
31 36
31 43
32 72
33 66
16 75
24 99
35 53
35 83
4 37
4 38
21 90
21 88
21 89
38 77
5 42
5 40
5 41
40 93
41 71
43 76
44 86
46 84
46 65
47 76
8 50
50 77
52 82
17 76
17 77
17 78
55 78
11 60
62 78
13 65
13 64
67 91
67 75
19 83
19 82
19 84
81 99
84 89
23 94
86 87
93 99
94 99