61 85 23 1 31 12 42 40 92 20 44 68 46 95 83 80 47 67 9 72 8 10 51 59 4 98 73 39 0 96 82 81 65 88 93 27 84 11 3 77 69 49 86 17 54 71 16 29 74 64 38 32 21 97 43 94 56 37 50 70 57 62 35 22 63 15 48 6 25 90 55 36 13 2
61 85
61 31
61 95
85 51
85 72
85 23
23 1
23 12
23 42
1 4
1 39
1 44
31 47
31 40
31 68
31 73
12 92
12 82
42 86
40 36
40 46
40 20
92 0
92 10
20 80
20 83
20 49
44 98
44 81
68 43
68 67
46 84
95 9
83 77
83 65
83 70
67 64
9 59
9 8
72 57
72 11
8 96
10 88
10 54
51 71
73 27
39 94
39 69
0 3
82 15
81 37
81 93
65 63
88 32
88 38
27 16
84 22
11 35
3 29
3 17
77 6
69 48
17 74
71 97
71 56
38 55
32 21
21 50
43 62
70 2
62 13
22 25
48 90