1 53 2 27 3 4 66 70 39 7 29 8 10 11 75 68 13 14 38 15 85 16 73 63 18 19 20 81 40 24 35 25 58 26 62 86 30 71 33 49 34 88 74 51 41 83 43 76 45 65 46 0 47 48 67 50 54 79 55 59 89 72 80 87
1 86
1 43
53 8
2 75
2 0
2 83
27 50
3 72
3 0
4 41
66 83
70 10
70 47
70 8
70 86
39 58
39 15
7 75
7 58
7 29
8 76
10 19
10 0
11 0
68 46
13 16
13 30
14 79
14 88
38 62
15 85
73 41
73 19
63 62
18 72
18 30
18 49
20 81
20 50
81 62
81 34
40 51
24 35
35 74
25 65
25 58
26 50
30 71
71 79
33 49
74 59
74 46
51 80
51 67
41 80
41 50
43 46
45 65
48 67
54 79
55 59
59 89
89 87