0 14 27 1 29 81 64 10 2 96 50 16 3 75 69 21 17 59 34 6 80 56 47 88 31 62 30 4 67 46 95 32 48 42 65 11 71 39 45 93 18 7 37 86 97 74 26 33 44 25 90 5 19 60 28 72 68 77 23 82 12 15 89 85 22 41 87 66
0 27
14 3
27 46
1 59
1 3
29 56
29 42
81 89
81 74
64 7
10 12
2 46
2 32
2 48
2 42
2 69
2 67
2 93
96 34
96 19
96 23
50 5
16 25
3 18
75 56
21 30
17 42
34 5
6 5
6 80
6 72
47 60
88 5
31 87
31 71
62 65
62 41
30 89
4 11
4 33
46 33
95 28
48 89
48 39
65 5
65 28
11 77
45 12
93 7
93 90
18 5
7 12
7 5
37 97
86 33
97 82
26 19
26 15
44 90
25 85
90 22
5 60
72 68
82 87
12 85
85 87
41 66