1 10 11 22 12 21 3 33 31 4 14 24 34 43 42 44 50 94 49 59 5 52 74 75 47 57 25 54 55 45 8 7 6 19 18 27 16 15 38 48 26 35 46 98 88 89 77 69 66 86 85 65 91 80 81 72 84 83 51 61 63 64
1 11
10 11
11 22
22 12
22 21
22 33
21 31
3 4
33 34
33 43
4 5
4 14
24 25
24 34
43 44
43 42
42 52
44 54
50 51
94 84
49 59
49 48
59 69
5 6
5 15
52 51
74 75
74 84
74 64
75 85
75 65
47 57
47 48
47 46
25 15
25 35
54 64
55 65
45 35
45 46
8 7
8 18
7 6
6 16
19 18
18 27
27 26
38 48
98 88
88 89
88 77
77 66
66 65
86 85
91 81
80 81
81 72
72 63
84 83
51 61
63 64