0 2 1 4 5 6 7 9 10 13 18 19 16 20 22 23 21 24 26 28 25 27 32 34 31 33 35 37 39 38 42 43 44 40 41 45 49 46 47 48 52 53 56 59 55 58 57 60 63 68 66 69 67 70 74 71 77 75 81 83 84 80 82 87 88 85 89 86 91 93 94 92 99 98
0 1
2 1
2 4
2 93
1 60
4 48
5 55
5 9
6 7
6 34
9 89
10 13
13 46
18 16
18 19
19 48
20 87
20 22
20 23
22 21
21 82
21 24
26 75
26 27
28 27
28 25
28 89
32 34
32 33
34 31
31 98
33 49
33 81
35 39
35 37
37 43
39 38
42 75
43 44
44 40
40 41
41 84
45 49
45 48
45 46
47 48
47 70
52 53
53 71
56 59
56 57
59 58
55 58
60 63
68 67
66 69
66 91
69 67
70 74
70 71
77 86
81 80
83 80
83 82
83 84
87 88
88 85
85 86
85 89
91 94
93 92
94 92
99 98