0 1 2 3 4 5 6 7 8 9 10 11 12 13 15 16 17 18 20 21 22 23 24 25 26 27 28 29 30 31 32 36 45 49 55 56 57 58 61 62 63 64 66 67 69 70 71 72 74 75 78 79 80 81 85 86 87 88 91 94
0 25
1 36
1 32
1 23
2 12
3 13
3 9
4 18
5 26
6 31
6 45
6 21
6 8
7 27
7 29
8 49
9 28
10 20
11 55
11 56
11 16
12 57
12 58
12 18
13 25
13 24
15 64
15 63
15 27
16 32
16 66
17 67
17 22
17 30
18 70
18 25
18 69
20 74
20 26
21 75
22 78
23 79
23 30
23 27
23 26
24 81
24 32
26 86
26 85
27 88
29 91
29 31
30 94
61 63
62 64
69 71
70 72
78 80
85 87