33 95 79 45 2 37 70 43 49 1 10 82 23 60 83 76 71 69 61 34 20 99 39 67 53 32 68 16 73 30 51 56 28 66 94 52 31 63 17 64 9 77 47 75 44 87 42 72 3 11 13 8 21 74 26 98 96 59 12 80 58 90 35 50 84 27 29 48 81 85 91
33 91
33 43
95 82
95 11
95 63
95 13
95 99
95 64
79 77
45 80
45 10
2 1
2 17
37 49
37 27
70 9
49 87
49 74
1 39
23 3
23 60
23 81
60 84
83 64
76 39
71 47
69 91
61 53
61 52
34 84
20 99
20 85
39 56
39 42
67 9
53 16
53 77
32 64
68 63
68 66
73 58
30 13
51 28
51 94
56 59
28 9
28 8
94 90
94 64
52 29
31 50
31 35
31 63
17 3
9 75
77 58
47 96
44 72
72 3
3 90
11 48
13 29
21 50
26 96
98 96
98 35
12 27
12 80
27 91
48 91