1 2 3 4 5 6 8 10 12 14 16 18 20 22 24 26 27 28 29 30 33 35 37 39 41 43 45 47 49 51 53 56 57 58 59 60 62 64 66 68 70 72 74 76 78 80 82 84 86 88 89 90 91 92 93 95 96 97 98 99
1 2
2 3
3 4
4 5
4 58
5 6
8 58
10 58
12 58
14 58
16 58
18 58
20 58
22 58
24 58
26 27
26 58
27 28
28 29
29 30
33 56
35 56
37 56
39 56
41 56
43 56
45 56
47 56
49 56
51 56
53 56
56 57
57 58
57 62
57 64
57 66
57 68
57 70
57 72
57 74
57 76
57 78
57 80
57 82
57 84
57 86
57 88
58 59
59 60
88 89
89 90
89 99
90 91
91 92
92 93
95 96
96 97
97 98
98 99