0 45 94 37 20 65 23 12 15 56 73 39 89 35 2 77 55 95 22 5 68 80 62 88 18 93 40 33 85 96 34 54 19 67 8 9 17 63 81 76 82 6 14 91 26 32 52 21 98 10 7 28 87 64 90 36 24 79 70 41 97 84 25
0 45
0 80
0 10
0 12
45 73
45 70
94 35
94 67
37 98
37 6
37 67
20 65
20 22
65 2
65 19
23 96
15 56
15 22
73 91
73 64
39 89
39 77
39 55
39 84
89 40
35 2
35 7
2 82
55 95
95 36
5 68
5 21
68 9
68 91
62 88
62 79
88 85
18 93
18 17
33 26
33 32
33 7
85 96
85 64
96 8
96 52
34 54
34 63
34 17
34 24
54 28
63 81
76 82
6 14
14 41
26 21
52 36
10 97
28 87
90 70
36 24
79 25