0 61 79 80 84 64 67 87 2 5 13 55 66 85 3 8 31 9 45 65 90 6 12 54 22 41 46 40 86 29 11 14 91 25 77 17 73 78 43 49 18 47 20 42 82 37 48 56 70 24 74 68 58 57 83 34 75 35 51 76 53 59
0 80
0 79
0 84
61 12
61 48
61 46
79 86
79 90
80 75
80 76
80 43
84 25
64 11
67 68
87 59
2 85
2 55
2 13
5 8
55 59
66 47
66 56
66 57
85 24
3 31
8 46
8 22
31 40
9 40
45 73
65 20
65 34
65 41
6 12
6 54
54 77
54 68
22 56
40 18
86 82
86 18
29 83
29 24
11 14
11 91
14 17
14 78
77 53
73 48
78 47
43 74
49 35
20 42
42 70
82 35
37 51
48 83
58 75
57 76
34 75
51 53