0 2 5 54 56 59 71 78 87 89 1 30 37 63 70 94 7 10 55 62 69 85 3 84 43 38 92 6 16 48 65 98 99 23 52 9 19 27 76 81 11 36 40 34 75 83 13 29 51 61 97 14 22 24 41 47 96 18 60 17 28 53 68 82 42 73 79 80 25 49 74 31 32 93 91 57
0 56
0 59
2 62
2 55
2 85
5 38
54 55
54 18
54 75
54 37
56 32
56 27
71 78
71 57
78 30
78 47
78 61
87 40
89 91
1 94
37 24
63 11
63 53
63 49
63 6
70 91
94 79
94 42
7 92
7 3
10 81
55 98
62 80
69 31
69 36
84 91
43 98
43 73
38 13
92 76
6 65
6 99
16 13
48 41
98 40
23 19
23 25
52 57
9 27
9 76
9 19
19 96
27 22
27 74
27 41
76 75
81 25
81 31
11 36
34 42
83 49
13 61
13 29
51 14
61 25
97 82
14 41
22 79
96 82
60 91
60 74
17 28
28 74
68 80
93 91