0 14 25 26 27 1 20 3 28 30 2 17 31 32 7 18 15 36 4 8 6 37 19 40 41 12 22 43 45 47 48 49 51 9 53 54 10 24 55 56 57 11 59 60 61 62 13 21 64 23 67 68 69 72 16 75 77 78 79 80 81 82 84 87 88 90 93 95 96 99
0 26
0 25
0 27
14 69
14 68
26 75
27 61
27 77
1 28
1 30
20 87
3 36
28 87
2 31
2 32
17 78
17 77
31 60
31 45
32 72
7 47
7 48
18 80
18 79
18 81
15 72
36 53
4 37
8 49
8 51
6 43
37 49
19 82
19 84
40 80
41 69
12 61
12 62
22 93
43 47
43 95
45 87
45 62
49 96
9 54
9 53
53 55
10 56
10 55
10 57
24 99
55 79
56 67
57 90
57 93
11 59
11 60
59 88
62 99
62 68
13 64
21 88
21 90
64 77
23 96
23 95
16 75
78 95
84 96