0 1 2 96 98 4 5 7 8 9 11 12 13 14 16 17 20 22 23 24 26 27 28 29 31 32 33 34 36 39 40 43 44 45 48 51 52 53 54 56 60 62 64 66 68 69 71 72 74 75 76 78 79 80 82 83 84 86 87 88 89 90 92 93
0 98
1 98
1 4
2 5
2 98
96 93
96 98
5 7
7 8
8 9
9 12
11 13
11 14
12 13
14 17
16 17
17 20
20 22
22 24
22 23
23 26
26 27
27 28
27 29
29 31
31 33
32 33
33 34
34 36
36 39
39 40
40 43
43 45
43 44
45 48
48 51
51 53
52 53
53 54
54 56
60 62
62 64
64 66
66 68
68 69
69 71
71 74
72 74
74 75
74 76
75 78
78 80
79 80
80 82
82 83
82 84
83 86
86 89
87 90
87 88
88 89
90 92
92 93