2 3 4 5 6 7 8 9 10 12 14 15 17 19 20 21 23 25 26 27 28 30 32 33 34 35 38 39 40 41 42 43 44 45 47 48 49 51 52 53 54 57 58 59 61 62 63 64 66 68 70 71 74 75 76 78 81 82 83 84 87 88 89 92 93 95 96 98
2 3
3 6
4 5
4 7
6 9
7 12
7 8
8 9
9 14
10 14
12 17
14 20
15 21
17 23
19 20
20 21
20 26
21 27
21 28
25 33
26 33
30 39
32 41
33 34
33 41
34 35
38 47
39 49
39 48
40 49
40 41
41 42
42 52
43 52
43 53
44 54
44 45
44 53
47 57
48 57
49 59
51 52
51 61
52 62
54 64
54 63
58 66
59 68
66 74
68 75
70 78
71 78
74 75
74 81
75 76
75 82
76 83
78 84
83 88
83 84
87 92
88 92
89 93
92 95
92 96
93 96
95 98