0 50 20 39 8 9 10 29 45 67 4 21 87 63 2 32 92 27 3 68 85 73 25 26 62 53 33 56 31 16 98 51 94 89 17 74 95 23 46 30 47 99 19 71 44 11 97 36 66 15 70 72 58 78 14 84 28 37 80 49 82 43 65 81 34 90 64 54 75 52 57 60
0 20
0 8
0 10
0 50
39 62
8 3
9 85
9 31
9 29
10 19
45 11
45 95
45 84
67 31
4 31
21 80
87 95
63 43
63 31
63 23
2 92
2 27
32 14
32 80
32 44
92 51
92 17
92 19
3 68
3 73
85 64
73 71
25 81
25 53
25 58
26 78
62 65
53 90
53 33
53 60
56 28
31 58
16 37
98 99
51 47
94 19
89 54
17 80
74 14
95 34
46 19
30 72
47 15
99 54
99 75
19 49
44 57
97 37
36 75
66 64
66 75
66 37
70 72
72 34
78 28
14 28
14 84
84 52
49 64
82 75
65 34