0 5 24 25 26 27 1 16 28 2 9 32 35 4 11 39 40 6 14 44 7 21 48 8 13 50 52 10 22 19 56 12 58 60 17 61 62 63 20 18 66 67 68 69 15 23 71 73 74 75 76 77 78 79 80 81 82 83 84 87 89 93 96
0 26
0 27
0 25
5 40
24 1
25 66
26 96
26 77
27 73
1 28
16 75
16 74
28 81
2 32
9 52
32 48
35 83
4 39
11 60
11 58
39 75
39 83
40 93
6 44
14 69
14 67
14 68
44 68
7 48
21 89
48 76
8 50
13 66
50 63
52 83
10 56
22 93
19 84
19 83
19 82
56 75
12 62
12 63
12 61
58 87
60 74
17 76
17 78
17 77
61 67
62 93
20 87
18 80
18 81
18 79
68 73
69 71
15 71
23 96
73 83
78 89
79 87