11 28 33 44 47 74 97 15 92 80 2 23 25 34 66 68 76 86 91 95 38 20 63 83 98 54 4 16 26 75 17 60 61 93 94 19 21 96 12 22 62 78 88 14 72 30 48 84 18 32 79 55 67 36 81 77 49 73 41
11 83
11 14
28 49
28 76
28 84
33 17
44 93
44 41
47 76
74 55
97 16
97 25
15 32
15 34
15 4
15 79
15 18
92 4
80 68
80 23
2 38
2 95
23 88
25 77
66 20
68 14
68 4
68 17
76 72
86 75
91 12
38 4
38 75
20 94
63 48
63 49
83 36
83 61
98 19
54 96
26 19
60 93
93 14
94 19
19 79
21 72
96 73
12 72
12 62
22 67
78 77
88 84
30 48
48 77
32 81
55 81
67 77
49 73