0 20 10 56 58 59 60 61 63 64 65 66 68 70 71 72 73 74 75 76 77 78 79 80 81 82 83 84 85 86 87 88 89 1 9 96 2 4 7 47 23 46 5 41 6 55 8 13 35 36 17 12 54 14 27 48 19 50 42 52 34 37 49 44
0 20
0 75
0 10
0 66
0 82
0 76
0 86
0 56
0 73
0 71
0 61
0 81
0 87
0 65
0 85
0 70
0 88
0 59
0 63
0 60
0 72
0 77
0 80
0 74
10 17
56 2
58 5
61 9
64 13
65 14
68 19
72 27
76 35
78 41
79 42
81 44
83 46
84 47
86 49
87 50
89 52
1 96
9 36
96 7
4 47
4 7
4 46
4 23
7 5
46 19
46 6
5 41
6 55
55 44
8 35
8 13
17 12
12 54
54 42
48 37
50 34
52 44
37 49