0 21 25 26 27 1 6 28 30 2 15 20 14 31 32 33 3 10 34 35 4 13 9 37 39 5 8 41 42 17 45 7 11 47 48 50 51 53 12 55 56 57 59 60 63 22 23 64 24 18 72 16 73 74 77 78 19 79 80 81 82 83 84 86 87 88 89 90 93 95 99
0 27
0 26
0 25
21 89
21 88
21 90
25 89
27 32
1 28
1 30
6 45
28 48
28 39
2 32
2 31
2 33
2 14
15 72
20 86
20 87
31 77
32 60
33 53
3 35
3 34
10 55
10 57
34 41
35 81
35 89
4 39
4 37
13 64
9 53
5 41
5 42
8 50
8 51
17 77
17 78
45 56
7 47
7 48
11 60
11 59
48 78
50 80
12 63
55 93
56 93
59 95
63 81
22 93
23 95
64 79
24 99
18 81
18 80
18 79
72 84
16 73
16 74
73 82
74 87
19 82
19 84
19 83
83 99
83 88
90 93