16 15 24 26 1 13 21 28 29 30 22 33 3 12 34 4 20 37 5 10 40 41 42 7 9 19 44 46 47 8 23 51 17 52 56 57 60 61 62 63 65 69 70 71 72 73 74 75 76 77 78 79 80 83 85 86 87 88 89 91 92 95 96 98
16 73
16 74
16 75
15 72
15 70
15 71
24 98
26 87
1 30
1 29
1 28
13 65
21 88
21 89
29 73
30 34
30 83
22 92
22 91
33 63
3 34
12 61
12 62
12 63
4 37
20 85
20 87
20 86
37 60
5 42
5 41
5 40
10 56
10 57
40 60
41 80
42 77
42 74
7 47
7 46
9 52
19 83
44 85
46 62
46 52
8 51
23 96
23 95
51 79
17 78
17 76
17 77
57 96
60 91
61 98
61 69
62 65
62 73
69 70
71 79
74 86
75 96
86 88