0 9 15 25 26 27 1 22 4 28 29 30 14 23 31 32 33 3 35 36 7 37 38 39 5 21 20 40 41 42 6 16 43 44 45 47 48 8 18 50 11 52 55 57 59 61 62 63 13 24 65 70 71 74 75 17 78 79 81 82 83 86 87 89 90 91 93 94 95 96 98
0 26
0 27
0 25
9 52
15 70
15 71
25 42
26 28
27 95
1 29
1 28
1 30
22 91
22 93
4 38
4 39
4 37
28 50
28 65
29 59
29 36
29 87
30 83
14 5
23 96
23 94
23 95
31 87
32 52
33 35
3 36
3 35
36 47
7 48
7 47
37 44
38 79
39 94
5 40
5 41
5 42
21 90
21 89
20 86
20 87
40 55
6 44
6 43
6 45
16 74
16 75
43 93
48 78
8 50
18 79
18 81
50 74
11 59
52 75
55 82
57 71
61 75
62 79
63 70
13 65
24 98
70 75
17 78
83 98
89 96