0 24 30 78 86 91 1 13 16 29 33 50 57 83 85 96 2 41 49 94 3 18 34 73 76 98 6 69 72 22 42 19 23 60 10 12 40 58 80 11 27 36 53 89 95 55 15 39 92 61 28 88 65 54 79 48 37 44 62 31 26 63 67 45 43 51 97
0 86
0 91
24 62
24 44
30 63
78 80
91 34
91 55
1 85
1 96
1 29
1 50
1 57
13 95
13 18
16 49
29 27
29 10
33 23
50 69
83 54
96 88
96 79
2 94
41 79
49 45
49 37
49 88
49 97
94 10
94 43
3 34
18 22
18 92
34 12
34 67
73 40
76 26
98 69
98 31
6 72
72 51
42 19
19 61
19 80
23 60
60 95
10 40
10 58
12 53
12 36
11 27
36 15
36 54
36 45
53 89
95 97
95 28
39 45
39 51
39 26
61 43
28 63
88 48
65 37
44 97