0 1 8 2 3 5 10 12 13 14 11 17 16 18 19 15 24 26 34 25 33 27 28 30 35 37 38 39 36 42 41 43 44 40 49 60 53 50 51 58 52 54 55 56 63 64 61 67 66 68 69 65 74 99 76 75 83 77 78 80 85 87 88 89 86 92 91 93
0 1
0 8
1 3
1 2
2 5
3 10
5 14
5 13
10 11
12 11
13 19
13 16
13 18
14 15
11 17
19 24
15 34
26 25
26 28
26 27
34 25
25 33
27 30
28 35
30 39
30 38
35 36
37 36
38 44
38 41
38 43
39 40
36 42
44 49
40 60
60 53
60 61
53 51
50 51
50 58
51 52
52 56
52 54
52 55
55 64
55 63
63 69
63 66
63 68
64 65
61 67
69 74
65 76
65 99
76 75
76 78
76 77
75 83
77 80
78 85
80 89
80 88
85 86
87 86
88 91
88 93
86 92