0 5 21 23 25 27 1 15 29 30 2 3 33 36 4 9 14 37 39 40 42 6 43 7 22 49 51 52 54 10 18 55 56 57 59 60 61 62 16 66 67 68 69 20 24 70 71 73 75 17 76 80 81 83 84 86 88 89 90 93 94 95 96 97 98 99
0 27
0 25
5 42
5 40
21 88
21 89
21 90
21 7
23 94
23 95
23 96
27 97
27 49
27 37
1 29
1 30
15 70
15 71
30 88
30 33
30 36
2 33
3 36
33 51
4 39
4 37
9 54
9 52
14 68
14 69
14 67
37 59
40 55
42 80
6 43
43 88
22 93
49 54
52 62
10 55
10 57
10 56
18 80
18 81
55 61
60 75
16 75
16 73
66 84
66 80
68 93
69 76
69 71
69 73
20 86
24 97
24 99
24 98
70 94
70 86
71 88
17 76
80 94
83 98
88 99