0 1 98 89 2 21 3 4 5 42 6 38 7 11 70 9 76 10 12 13 14 96 15 16 57 17 91 18 19 61 20 83 46 22 23 77 24 53 25 51 27 28 29 31 82 86 32 33 92 34 55 36 47 37 69 39 45 97 48 81 94 67 60 93 62 65 66 80 79 71 72 87 73 78 88 84 90 95
0 1
0 89
0 98
1 2
98 97
89 90
2 3
21 20
3 4
4 5
4 42
5 38
6 11
6 7
38 37
38 39
7 70
11 10
11 12
70 71
70 69
9 10
76 77
12 13
13 96
13 14
14 15
96 95
15 16
15 57
16 91
16 17
17 18
91 90
18 61
18 19
19 83
19 20
61 62
20 46
83 82
83 84
46 45
46 47
22 23
22 77
23 24
23 53
77 78
24 25
24 51
27 28
28 31
29 82
31 32
82 81
86 87
32 92
32 33
33 55
33 34
92 93
36 37
47 48
81 80
94 95
94 93
67 66
60 93
65 80
66 79
80 79
79 78
71 72
72 73
87 88
78 88