6 73 25 17 8 47 54 3 55 87 83 12 61 92 50 0 38 56 62 37 4 77 39 99 10 74 86 97 24 69 28 58 91 40 59 41 9 36 81 63 14 34 26 46 31 98 93 16 60 7 23 68 52 33 75 64 48 66 88 22 49 80 11 51 76 1
6 1
6 74
6 50
73 52
73 48
25 33
25 98
17 64
8 23
47 86
47 74
54 59
3 48
3 55
3 69
87 93
87 38
83 68
83 33
12 77
61 92
61 88
92 68
0 74
0 68
0 56
38 11
56 60
62 34
62 81
62 28
37 34
4 36
4 22
77 46
39 11
39 52
39 99
10 81
74 97
86 51
97 7
97 52
24 28
69 16
69 91
28 16
58 76
58 40
40 23
40 46
59 31
41 9
41 52
36 64
36 7
63 23
63 49
63 66
14 34
14 26
26 31
93 80
75 64
49 11