93 49 1 18 19 65 2 47 66 22 67 92 68 6 27 63 7 41 79 8 58 9 59 24 11 48 31 60 12 44 70 20 90 94 15 39 62 16 28 80 17 53 34 52 46 21 86 89 75 23 26 72 84 82 54 29 55 37 78 38 99 81 97 73 69 91 64 98 88 85
93 79
49 91
1 65
1 18
18 34
18 19
18 8
19 52
65 23
2 47
2 66
47 73
66 20
22 20
22 75
67 53
67 64
67 15
92 98
68 80
6 63
6 27
27 21
7 41
7 79
41 82
8 58
58 89
9 24
9 59
59 11
11 60
11 48
11 31
48 12
31 55
60 84
12 44
12 70
44 29
44 82
70 91
90 39
90 85
94 46
94 81
15 39
39 37
62 73
16 28
28 82
28 54
80 78
17 53
34 99
34 38
34 78
46 38
21 86
86 64
86 84
89 69
23 26
72 64
72 97
82 38
54 73
55 98
97 88