29 3 15 95 7 82 20 10 8 89 39 58 87 26 96 81 73 61 85 63 36 33 6 48 94 34 21 98 2 97 54 22 75 42 30 19 24 80 77 17 40 37 91 53 38 1 13 16 12 41 88 4 49 92 9 31 72 71 45 23 14 46 35 99 93 84 57 32 90 74 86 59 79 47
29 3
29 85
3 40
3 74
3 36
15 47
15 95
95 79
95 96
95 2
7 82
82 35
82 74
82 89
82 41
20 42
20 10
10 93
8 89
89 46
39 61
39 58
39 87
58 30
58 12
87 88
26 2
26 93
81 73
73 21
63 22
36 4
36 80
36 13
36 33
33 17
6 31
6 48
48 59
48 94
48 2
94 34
34 80
21 38
98 2
2 92
2 77
97 49
97 86
97 54
54 14
54 57
22 75
75 40
75 37
19 91
19 24
24 9
24 77
24 53
80 90
77 12
40 38
53 84
53 72
1 13
13 32
16 12
12 71
4 23
45 23
14 90
99 93