0 22 34 36 91 4 11 35 56 86 96 2 8 78 83 87 19 29 64 69 88 43 5 6 13 42 70 85 51 62 63 90 7 52 23 76 10 80 15 28 60 61 95 14 38 67 16 47 39 17 72 58 65 99 20 48 98 21 54 26 53 32 40 79
0 34
22 87
34 42
34 85
34 17
36 28
91 23
4 43
11 95
11 61
11 28
35 99
56 29
56 65
86 98
96 23
2 8
2 83
8 90
78 85
78 47
83 69
87 62
87 7
19 28
19 60
64 48
64 76
69 60
69 72
88 62
88 53
88 54
43 53
5 13
5 70
6 62
6 51
13 38
42 32
42 99
70 23
51 39
62 72
63 16
7 52
52 10
23 28
76 21
76 14
80 67
80 39
15 16
95 79
38 58
16 39
47 65
17 72
72 21
20 48
98 21
26 53
32 40