32 71 61 94 74 7 45 11 22 2 51 3 59 34 89 96 4 49 41 52 48 85 40 97 78 6 42 70 54 62 33 12 82 29 39 99 23 13 88 14 46 81 80 18 98 95 20 24 44 30 47 58 35 43 25 65 28 26 93 55 38 64 36 57 53 77
32 85
71 45
71 35
71 6
61 80
94 88
74 25
7 42
7 11
7 3
11 39
11 97
11 99
11 34
11 48
22 58
22 30
22 47
22 12
2 51
51 64
51 97
3 96
59 99
59 36
34 24
89 96
89 13
96 14
4 52
49 40
49 78
49 35
41 23
41 52
48 81
85 14
40 64
40 58
40 88
97 62
6 54
70 12
70 20
70 46
62 77
33 26
33 38
12 23
82 14
29 88
46 98
80 26
18 98
95 93
20 44
24 43
30 93
43 28
25 65
65 57
55 77
38 53
64 53
36 57