0 33 49 74 12 26 30 2 98 82 50 65 27 71 59 81 89 6 84 13 96 19 9 10 8 38 87 79 93 58 62 35 85 20 67 76 48 15 16 21 60 47 37 39 56 32 91 54 43 69 94 73 57 80 31 78 36 95 86 51
0 12
0 49
33 21
33 32
49 62
74 80
74 27
12 13
26 27
30 31
2 65
98 84
82 78
50 35
50 60
65 95
27 20
71 9
59 60
59 96
81 57
89 56
89 69
6 10
84 38
84 76
84 67
13 58
13 48
19 20
9 10
9 93
10 58
8 79
38 21
87 35
79 78
93 94
85 16
85 76
67 56
67 80
48 47
48 54
15 37
60 47
60 36
37 36
39 32
56 57
32 31
91 43
91 80
54 80
69 51
94 78
94 86
94 95
73 36