78 57 95 68 55 1 24 54 84 10 2 90 30 5 37 65 92 80 3 7 52 31 39 69 29 58 75 6 33 73 47 14 16 48 28 86 64 13 35 45 85 17 71 21 43 26 59 22 62 25 91 51 27 50 32 87 81 41 63 94 98 53 89
78 25
78 50
78 22
57 37
57 53
57 85
95 50
95 32
68 13
55 87
1 54
1 24
24 65
24 62
84 87
84 86
84 53
84 5
10 92
2 90
2 92
2 30
2 5
2 65
5 29
5 75
65 17
65 94
92 21
80 33
80 89
3 7
7 6
52 87
31 91
39 29
69 51
58 75
6 33
6 73
73 64
47 62
14 45
16 85
48 22
28 17
86 81
64 26
13 35
35 43
45 59
71 87
21 26
21 59
21 43
43 98
26 51
26 25
62 27
91 51
41 63
63 98