3 4 5 7 8 10 13 14 15 16 17 18 19 20 21 22 23 24 26 28 31 33 35 36 39 40 42 45 46 48 50 51 52 53 54 55 56 57 58 59 60 61 62 63 64 65 66 67 68 69 70 71 72 73 74 75 76 77 78 79 80 81 82 83 84 85 86 87 88 89 90 91 92 93 0
3 7
4 8
5 10
7 15
8 17
10 21
13 26
14 28
15 31
16 33
17 35
18 36
19 39
20 40
21 42
22 45
23 46
24 48
26 52
28 56
31 63
33 64
35 65
36 66
39 67
40 68
42 69
45 70
46 71
48 72
50 73
51 73
52 74
53 74
54 75
55 75
56 76
57 76
58 77
59 77
60 78
61 78
62 79
63 79
64 80
65 80
66 81
67 81
68 82
69 82
70 83
71 83
72 84
73 84
74 85
75 85
76 86
77 86
78 87
79 87
80 88
81 88
82 89
83 89
84 90
85 90
86 91
87 91
88 92
89 92
90 93
91 93
92 0
93 0