0 5 16 25 26 27 1 28 29 30 2 9 3 31 32 7 34 36 11 37 38 39 12 40 41 42 6 44 45 46 48 8 49 50 10 52 54 55 56 22 58 17 61 62 63 66 67 68 69 19 74 76 77 78 18 82 84 20 85 86 88 89 90 91 92 94 97
0 25
0 27
0 26
5 40
5 41
5 42
16 74
25 89
26 29
27 56
1 30
1 28
1 29
30 68
2 31
2 32
9 52
9 54
3 36
3 34
31 63
7 48
7 46
34 88
36 38
36 67
11 58
37 84
39 90
39 40
12 61
12 62
12 63
42 76
6 44
6 45
44 74
45 92
46 66
8 50
8 49
50 77
10 56
10 55
52 86
52 76
52 58
55 66
56 77
22 91
22 92
22 18
17 76
17 78
61 88
61 69
62 78
69 97
19 84
19 82
76 82
77 92
78 92
20 85
20 86
86 94