30 48 72 45 98 37 21 17 58 50 11 36 78 73 14 67 87 42 25 86 51 91 88 85 41 2 43 60 63 26 57 27 52 84 81 66 65 96 49 64 77 95 71 92 68 82 75 74 46 69 83 56 80 40 44 29 53 54 39 79 62 33 94 61 70 76 97 28
30 63
48 82
72 70
45 91
98 94
98 2
98 17
37 69
37 81
37 14
21 73
58 94
50 56
50 96
11 60
36 82
78 82
73 63
73 54
67 94
67 46
87 60
87 94
87 28
42 2
25 81
86 63
86 44
51 65
91 63
91 65
88 75
85 75
85 40
41 83
43 94
60 39
63 84
63 33
63 27
63 96
63 57
26 49
27 82
27 70
27 75
52 94
81 75
81 94
66 64
96 53
49 97
64 70
77 94
95 94
71 83
92 75
68 79
82 76
82 79
75 62
75 83
75 74
69 29
80 94
94 97
61 97