0 13 19 31 46 70 81 83 92 27 52 56 10 34 40 74 76 69 4 96 5 35 6 28 91 94 7 48 57 59 9 11 80 30 68 75 82 12 36 50 53 25 38 14 67 16 33 73 18 29 20 85 65 44 49 24 42 99 58 54 61 87 43 41 93
0 13
0 83
0 81
13 80
19 68
31 28
31 83
31 99
46 34
70 56
70 61
81 25
81 42
83 76
92 7
27 42
52 73
52 20
10 80
34 30
34 16
40 35
74 7
74 68
69 99
4 96
96 7
5 35
35 43
6 91
6 94
28 49
94 87
94 20
48 24
57 36
57 65
57 29
59 58
59 87
9 11
11 30
11 68
11 75
11 82
80 41
30 20
30 33
68 25
68 36
68 67
12 36
12 50
53 54
38 85
14 67
73 44
18 85
18 20
65 24
65 61
49 93
54 43
43 93