0 29 55 56 57 58 59 61 63 64 66 67 68 69 70 71 72 73 74 75 76 77 79 80 81 82 83 84 85 86 87 88 89 90 91 92 93 94 95 96 1 2 28 3 4 12 5 6 39 7 40 48 24 9 14 11 54 13 53 49 17 18 30 20 25 26 34 45 44 47
0 29
0 85
0 77
0 55
0 88
0 59
0 58
0 66
0 64
0 69
0 86
0 81
0 80
0 96
0 56
0 57
0 61
0 75
0 92
0 63
0 89
0 91
0 68
0 90
0 73
0 87
0 72
0 71
0 83
0 82
0 67
0 95
0 94
0 93
0 76
0 84
29 9
55 1
59 5
63 11
64 12
66 14
68 17
69 18
70 20
74 25
75 26
77 28
79 30
86 40
90 45
92 47
93 49
96 53
2 28
3 12
3 4
12 54
5 6
6 39
7 48
7 40
7 24
40 20
13 53
53 25
18 30
26 34
44 47