0 1 2 3 4 5 6 7 8 9 10 12 13 14 15 17 18 19 21 23 26 25 28 29 30 31 32 33 35 37 38 39 40 42 43 44 45 46 47 48 49 51 50 52 53 54 55 56 57 58 60 62 63 64 65 66 68 69 70 71 72 73 74 76 75 78 79 80 81 82 83 85 87 88 89 90 91 93 94 95 96 97 98 99
0 1
0 4
0 5
1 2
1 7
2 3
2 9
4 13
5 6
5 14
6 23
7 8
8 21
9 10
10 19
12 13
12 17
14 15
17 18
18 49
26 25
26 32
25 29
25 30
28 29
29 38
30 31
30 39
31 48
32 33
33 46
35 44
37 38
37 42
39 40
40 74
42 43
43 44
44 45
46 47
48 49
51 50
51 52
51 57
50 54
50 55
52 53
54 63
55 56
55 64
56 73
57 58
58 71
60 69
62 63
64 65
65 66
65 99
68 69
69 70
70 71
71 72
73 74
76 75
76 82
75 79
75 80
78 79
79 88
80 81
80 89
81 98
82 83
83 96
85 94
87 88
89 90
90 91
93 94
94 95
95 96
96 97
98 99