0 35 42 13 65 66 67 68 71 73 74 75 76 77 78 79 80 81 82 83 84 85 86 87 88 89 90 91 93 94 95 96 97 99 18 2 30 9 33 6 61 50 7 10 28 12 14 15 37 16 17 19 20 21 22 25 29 31 43 45 32 49 38
0 13
0 42
0 94
0 81
0 35
0 78
0 96
0 74
0 90
0 85
0 99
0 88
0 87
0 77
0 67
0 66
0 68
0 73
0 93
0 75
0 91
0 82
0 95
0 80
0 65
0 71
0 97
0 76
0 86
0 79
0 83
0 84
42 50
13 12
66 2
71 10
73 14
74 16
76 18
77 19
78 20
79 21
80 22
83 25
86 28
87 29
88 30
89 31
90 32
91 33
94 37
95 38
30 7
30 43
30 17
9 50
6 61
6 50
15 37
29 31
31 45
32 49