0 10 24 25 26 27 1 16 23 12 29 30 2 6 21 18 31 32 3 13 35 36 4 37 38 39 5 9 40 17 43 7 46 47 8 49 50 51 52 53 54 55 56 57 11 15 59 61 62 14 69 22 70 71 73 74 75 77 80 19 20 82 83 84 87 88 91 93 94 95 96 99
0 27
0 26
0 25
10 56
10 55
10 57
24 99
25 50
27 54
27 74
27 57
1 30
1 29
16 75
16 73
16 74
23 95
23 94
23 96
12 61
12 62
29 52
2 31
2 32
6 43
21 88
18 80
31 96
3 35
3 36
3 13
36 54
4 38
4 37
4 39
37 47
38 82
39 87
39 40
5 40
9 53
9 54
9 52
17 77
43 50
7 46
7 47
8 49
8 51
8 50
53 91
55 69
56 88
11 59
15 70
15 71
59 82
61 74
62 70
14 69
22 91
22 93
70 87
71 77
71 94
80 94
19 84
19 82
19 83
20 87
88 99