0 23 27 1 20 28 30 11 16 31 3 7 34 35 36 4 10 8 5 17 41 42 43 44 46 47 24 49 50 51 56 57 58 59 60 61 62 63 13 14 64 65 66 15 22 68 69 70 74 76 77 78 18 80 19 83 85 86 88 91 92 93 95 96 98 99
0 27
23 96
23 95
27 76
27 80
1 28
1 30
20 86
20 85
30 35
30 61
11 58
11 60
11 59
16 74
31 91
3 34
3 36
3 35
7 46
7 47
34 98
36 77
4 8
10 56
10 57
8 50
8 51
8 49
5 41
5 42
5 17
17 76
17 77
17 78
43 68
44 78
44 62
46 88
47 51
24 99
24 98
51 77
56 92
58 66
58 77
58 70
59 74
59 83
60 92
63 95
13 64
13 66
13 65
14 69
14 68
64 85
15 70
22 91
22 93
22 92
68 96
70 95
18 80
19 83