0 16 68 69 70 71 72 73 74 75 76 77 78 79 80 81 82 83 84 85 86 87 88 89 91 92 93 94 95 96 97 98 99 31 2 11 4 44 41 7 57 28 8 25 34 39 10 12 46 13 33 35 32 21 59 66 22 37 23 24 63 60 26 64 40 67 42 38 49 50 47 48
0 16
0 91
0 98
0 84
0 89
0 72
0 81
0 71
0 74
0 78
0 83
0 96
0 88
0 75
0 97
0 73
0 80
0 76
0 82
0 79
0 92
0 69
0 95
0 68
0 99
0 70
0 77
0 86
16 35
69 2
73 7
76 10
77 11
78 13
84 23
85 26
87 28
89 31
91 33
93 37
94 39
95 40
96 41
98 47
99 48
31 26
4 44
44 49
41 63
41 34
7 28
7 57
57 66
28 67
8 25
8 34
25 60
39 40
12 46
46 42
32 23
21 66
21 59
22 37
22 23
37 42
24 63
26 64
64 38
67 50
49 47