0 61 63 66 69 70 71 73 74 75 76 77 78 80 81 83 86 87 88 89 90 91 92 94 95 96 97 98 99 1 12 8 2 15 3 36 4 14 5 20 6 7 27 56 9 21 10 11 24 17 64 16 18 19 44 25 30 42 59 26 45 28 43 58 48
0 61
0 66
0 74
0 63
0 76
0 97
0 81
0 98
0 91
0 92
0 88
0 86
0 77
0 96
0 75
0 71
0 95
0 70
0 87
0 73
0 94
0 78
0 90
0 83
61 3
61 26
63 10
63 25
66 2
69 5
70 6
73 11
74 12
76 14
78 16
80 18
81 19
86 27
87 28
89 30
98 42
99 44
1 8
1 12
2 15
15 64
3 36
36 18
4 14
14 17
5 20
20 44
20 25
7 27
7 56
9 21
21 30
11 24
25 59
30 59
26 45
45 48
43 58
43 48