1 2 3 4 7 8 9 11 13 15 16 17 18 19 20 22 24 25 26 28 30 31 32 33 35 37 38 39 40 41 42 43 45 46 48 49 51 52 54 56 57 58 60 61 62 63 64 65 66 67 69 70 72 73 74 75 77 79 80 81 83 84 85 87 90 91 93 94 96 97 98 99
1 2
1 25
2 19
2 3
3 4
7 79
8 28
8 9
8 31
11 83
13 63
15 16
16 57
16 17
17 18
18 19
20 70
22 56
24 87
25 33
25 26
28 52
30 31
31 32
32 33
33 45
35 93
37 38
38 39
38 79
38 98
39 70
39 40
40 41
42 43
43 84
43 90
46 94
46 64
48 49
49 84
49 60
51 52
52 77
54 74
56 57
57 79
58 67
58 81
61 62
62 63
63 64
65 87
65 66
66 67
69 73
69 96
72 73
73 74
74 75
75 80
79 80
80 93
80 81
83 84
84 85
85 97
90 91
93 94
96 97
98 99