0 6 26 27 1 15 28 29 30 33 19 9 4 12 38 39 20 42 10 43 44 45 11 46 47 48 8 50 51 52 53 54 23 16 56 57 22 24 58 59 60 61 64 65 66 21 67 68 70 73 74 17 76 77 79 82 85 86 88 90 91 92 93 94 97
0 26
0 27
6 44
6 45
6 43
26 52
1 28
1 30
1 29
1 15
15 70
28 93
29 59
30 74
30 52
33 73
19 82
9 54
9 52
9 53
4 38
4 39
12 61
38 77
38 97
20 86
20 85
42 88
10 56
10 57
44 56
11 58
11 59
11 60
46 67
46 58
47 59
48 79
48 74
8 51
8 50
51 92
23 94
16 73
16 74
56 93
57 94
22 91
22 92
22 93
24 97
58 86
58 61
60 65
64 77
66 73
21 88
21 90
68 85
74 90
17 77
17 76
82 92
91 97