0 23 61 62 63 64 65 66 67 68 69 70 71 72 73 75 76 77 78 79 80 81 82 83 84 85 86 87 88 89 90 91 92 93 94 95 96 97 99 14 54 44 3 8 4 42 9 5 11 6 12 53 32 10 15 31 19 16 18 56 52 20 34 43 21 50 48 26 25 29 57 46 60
0 23
0 82
0 68
0 86
0 66
0 80
0 84
0 94
0 71
0 93
0 76
0 63
0 95
0 70
0 72
0 92
0 96
0 73
0 67
0 79
0 88
0 85
0 62
0 97
0 83
0 87
0 78
0 90
0 61
0 64
0 99
0 69
0 91
23 54
62 3
64 6
65 8
66 10
67 11
68 12
69 14
75 20
76 21
77 25
78 26
80 29
81 31
82 32
89 43
90 44
92 46
93 48
54 56
54 57
54 19
3 8
4 9
4 42
9 53
9 32
5 11
15 31
15 19
31 16
19 52
18 56
56 60
20 34
20 43
43 21
21 50
50 25