1 2 3 4 5 6 7 8 9 10 11 12 13 14 15 17 18 26 27 30 31 32 28 29 19 20 21 22 23 33 34 35 36 37 38 40 87 89 90 91 41 42 47 48 49 50 52 53 54 56 57 58 59 60 45 46 61 62 64 65 69 70 72 66 68 73 74 76 85 86 78 79 80 81 84 93 83 96 98
1 2
1 72
2 3
3 4
4 5
4 20
4 57
4 90
5 6
6 7
7 8
8 9
8 98
9 10
9 85
10 11
11 12
12 13
13 14
14 15
17 18
18 19
26 27
27 28
30 29
30 31
31 60
31 48
31 32
32 54
32 33
28 23
28 29
29 76
19 20
20 21
21 22
22 23
23 96
33 34
34 78
34 35
34 80
35 36
36 37
37 38
40 41
87 86
89 84
90 91
41 42
42 76
47 46
47 48
48 49
49 50
52 53
53 54
56 93
56 45
57 58
58 59
60 61
45 65
45 46
61 62
64 65
65 66
69 72
69 70
72 73
68 96
73 74
85 84
85 86
78 79
80 81
84 83