84 31 42 59 48 86 50 70 10 63 62 85 76 54 25 11 6 72 23 7 36 41 45 46 78 8 80 40 58 74 34 38 15 2 56 29 1 13 24 68 5 88 55 35 77 64 71 32 65 82 53 20 17 81 61 4 14 26 33 44 52 60
84 85
84 80
31 32
31 58
31 85
42 59
59 48
59 60
48 35
48 53
48 29
86 85
50 24
50 74
70 54
10 11
63 62
63 64
62 8
62 61
76 77
54 38
54 53
25 11
25 26
11 23
11 77
6 34
6 5
6 58
72 71
72 23
72 45
23 24
23 7
7 20
36 41
41 40
45 46
45 44
45 13
78 65
80 81
40 24
58 71
58 35
34 33
34 17
15 14
2 1
56 55
1 13
13 14
24 68
5 4
5 88
55 35
64 65
82 81
53 52
61 60