39 84 3 38 25 57 16 60 98 15 52 1 67 13 73 8 45 9 62 89 36 12 65 86 93 87 41 11 37 51 54 14 71 27 22 79 50 53 56 83 30 72 24 91 17 31 58 21 94 75 6 81 88 95 66 61 7 99 55 48 68
39 89
39 88
84 66
84 48
3 67
3 99
3 38
3 41
3 8
38 45
38 53
25 57
57 83
57 9
16 87
60 27
60 89
98 91
15 13
52 36
1 41
67 24
67 73
67 95
13 61
73 94
8 6
45 17
9 72
62 21
36 27
12 86
12 24
65 93
65 86
86 83
86 50
93 22
87 91
11 79
11 37
11 7
11 27
37 61
51 54
54 58
14 48
14 30
71 7
27 6
79 75
53 21
56 58
91 55
91 99
17 31
58 61
58 68
81 61
66 7