0 11 6 25 26 1 8 28 29 30 2 14 24 32 3 17 35 4 21 23 38 5 18 41 42 12 44 7 16 10 46 47 15 13 19 49 50 51 9 22 54 56 20 59 62 63 64 69 72 73 74 78 79 82 85 86 88 89 90 92 95 97 98 99
0 25
0 26
11 59
6 44
26 97
26 95
1 30
1 29
1 28
8 51
8 50
8 49
28 79
29 82
30 99
2 32
14 69
24 97
24 99
24 98
32 78
3 35
17 78
35 69
35 59
4 38
21 88
21 90
21 89
23 95
38 49
5 41
5 42
18 79
41 85
12 62
12 63
44 50
7 47
7 46
16 74
16 73
10 56
47 86
15 72
13 64
19 82
50 86
51 90
9 54
22 92
54 82
56 78
20 85
20 86
59 63
62 97
63 85
64 98
69 78
72 78
74 89
89 92