65 19 89 96 67 82 49 87 68 84 6 24 22 12 4 41 38 35 83 92 26 93 21 13 86 88 11 91 95 71 7 62 18 80 90 14 64 57 28 40 55 33 8 74 53 75 48 23 99 17 97 2 79 25 30 56 9 37 72 42 1 31 52
65 38
65 52
19 89
89 71
89 25
89 6
96 11
67 6
82 49
49 95
49 38
87 99
87 28
87 26
87 56
87 55
87 18
68 48
84 93
6 75
6 42
24 62
22 72
22 86
12 95
4 33
4 41
41 90
41 1
41 38
41 14
35 48
83 97
83 92
26 93
26 17
93 97
93 2
21 95
13 25
13 11
86 88
88 8
11 74
91 23
71 33
7 18
62 99
80 56
64 97
64 57
57 79
40 37
33 97
33 53
53 23
75 48
99 72
17 30
56 9
9 37
42 31