0 10 65 66 67 68 69 70 71 73 74 76 77 78 79 80 81 83 84 85 86 87 88 89 90 91 92 93 94 95 96 97 98 99 1 2 27 3 13 56 5 6 39 53 33 9 60 46 49 12 20 15 35 18 19 21 25 26 57 29 30 31 50 45 41 44
0 10
0 90
0 81
0 74
0 65
0 94
0 69
0 83
0 76
0 87
0 86
0 71
0 77
0 91
0 93
0 68
0 98
0 70
0 79
0 97
0 96
0 89
0 88
0 85
0 84
0 67
0 92
0 73
0 95
10 3
65 1
66 3
68 5
74 12
76 15
78 18
79 19
80 20
83 27
85 29
86 30
87 31
93 39
94 41
97 44
98 45
99 46
2 27
3 13
13 20
56 18
56 26
6 39
6 53
53 25
33 20
33 50
9 60
60 31
46 44
49 12
15 35
19 21
26 57
57 41