87 4 8 41 70 54 66 56 18 50 25 39 27 96 64 26 79 33 92 31 35 61 89 10 34 19 82 24 51 52 16 63 97 77 43 59 62 90 30 6 99 75 13 47 1 67 20 58 91 11 81 55 45 29 93 48 85 74
87 4
87 63
8 99
8 54
41 39
41 61
70 33
70 27
54 16
66 39
66 77
66 55
56 64
56 13
18 25
18 43
50 90
50 91
96 59
64 33
64 26
26 63
26 45
26 58
79 31
33 48
92 30
92 34
92 1
31 35
35 93
35 24
89 6
10 11
10 43
34 99
19 48
82 20
24 20
51 20
52 81
16 59
16 75
97 13
77 43
62 93
90 93
30 91
6 99
75 74
13 47
47 1
67 85
67 55
20 81
55 93
29 74