54 90 27 35 69 48 64 96 55 11 52 14 97 85 10 50 75 78 28 83 2 68 36 40 17 23 86 60 20 80 76 65 59 9 93 24 13 56 61 74 31 44 37 0 66 79 42 4 33 3 8 49 87 26 72 58 38 39 82 84 70 6 63 46 77 81
54 69
54 64
54 90
54 50
90 35
90 27
90 11
90 52
90 14
90 40
90 20
27 96
35 9
69 49
69 23
69 97
48 6
48 9
64 78
96 17
96 60
55 52
55 36
55 24
14 10
97 81
85 31
85 66
85 58
10 26
75 33
75 59
75 68
75 37
75 3
78 0
28 68
83 17
2 65
2 56
68 82
36 72
17 80
23 76
23 42
86 74
86 38
80 13
65 61
65 93
65 82
24 31
13 70
61 74
61 87
74 0
44 0
44 79
44 4
79 84
42 77
4 46
3 8
87 39
38 63