0 3 25 27 1 28 30 2 32 33 36 7 12 9 37 39 5 8 40 6 44 45 48 22 49 50 51 10 52 53 54 55 56 57 58 60 61 62 63 13 65 14 20 67 68 69 15 71 72 24 73 75 17 19 76 77 78 80 82 84 21 87 88 89 90 23 91 95 97
0 27
0 25
3 36
25 39
25 77
1 28
1 30
28 67
28 58
30 55
30 91
2 33
2 32
32 37
33 75
33 52
36 62
7 48
12 63
12 62
12 61
9 54
9 52
9 53
5 40
8 49
8 51
8 50
40 89
6 44
6 45
44 71
45 65
48 56
22 91
51 53
10 55
10 57
10 56
52 77
52 88
55 71
55 82
57 76
60 82
63 72
63 80
13 65
14 69
14 68
14 67
20 87
15 71
15 72
24 97
73 88
17 77
17 78
17 76
19 84
19 82
76 87
84 95
21 90
21 88
21 89
89 97
23 95