0 7 22 33 39 45 59 76 1 66 84 2 24 3 55 4 27 5 61 65 6 26 47 72 85 9 57 92 53 96 11 21 25 12 36 62 13 91 95 15 63 98 16 81 87 18 89 70 50 77 28 79 97 29 48 64 30 58 82 94 32 68 52 74 93 38 56 43 44 73 83 99 51 60 78 90
0 7
0 33
0 76
22 63
22 18
33 12
39 50
39 9
45 59
45 3
59 68
59 27
59 5
76 82
1 84
66 91
84 92
2 24
24 18
3 55
55 87
4 27
5 61
5 65
61 6
61 25
61 38
65 53
6 72
6 47
26 63
85 56
9 57
9 92
57 99
53 58
96 50
96 70
11 25
11 21
25 50
12 36
36 13
36 79
36 74
62 43
13 91
13 95
91 43
91 90
15 98
15 63
63 30
16 87
81 43
87 52
87 60
18 89
70 56
70 29
77 38
77 28
97 78
29 48
64 30
30 82
30 58
30 94
94 83
32 68
52 78
93 38
44 73
73 60
51 78