0 2 3 5 7 13 16 17 27 39 42 46 84 85 88 92 99 28 73 79 9 11 14 23 31 33 57 66 72 25 38 45 76 77 86 55 71 75 6 15 19 50 20 21 37 97 69 89 29 81 91 43 34 30 80 18 36 40 63 64 87
0 92
0 13
0 88
0 7
2 9
2 5
2 17
3 76
5 75
5 28
5 15
13 80
16 36
17 40
17 34
27 28
39 80
42 25
42 46
42 87
46 92
46 97
84 40
85 91
88 23
92 33
92 30
99 50
99 57
28 19
73 64
73 75
79 23
9 38
9 31
9 6
11 75
14 57
14 21
31 86
31 63
33 86
66 20
66 55
72 45
38 76
45 43
77 34
71 20
75 43
19 37
50 97
20 36
20 37
69 30
89 64
29 87
81 34
91 64
18 64