0 34 38 36 68 69 70 71 72 73 74 75 76 77 78 80 81 82 84 85 86 87 88 89 92 95 96 97 98 30 2 43 4 19 37 39 8 20 9 11 12 23 28 13 15 59 16 60 17 22 21 35 57 26 25 54 44 33 51 40 64 62 49 52
0 36
0 87
0 98
0 38
0 92
0 89
0 69
0 95
0 70
0 77
0 72
0 88
0 78
0 71
0 34
0 82
0 84
0 97
0 74
0 75
0 68
0 96
0 80
0 76
38 64
38 25
36 51
73 8
74 9
76 11
77 13
80 17
81 19
82 20
85 23
86 26
87 30
92 35
95 39
96 40
30 2
30 44
43 21
4 19
4 37
37 28
37 40
8 20
12 28
12 23
23 26
28 54
15 59
59 57
16 60
60 51
17 22
22 57
21 35
35 33
57 52
57 62
49 52