0 1 32 34 2 3 19 4 5 21 6 7 8 9 24 11 13 25 12 36 38 15 39 40 16 17 26 18 23 27 28 29 31 30 43 44 35 37 42 47 48 49 50 54 53 51 55 56 57 58 59 60 63 61 62 64 69 66 75 67 70 79 80 78 72 74 77 81 82 83 87 73 84 86 88 90 95 92 93 91
0 32
0 34
1 2
32 30
2 3
3 4
19 18
4 21
4 5
5 60
5 7
5 6
5 8
21 23
7 58
8 9
24 25
24 23
11 36
11 12
11 13
13 25
36 40
36 37
36 39
38 35
15 16
39 47
39 48
16 17
17 27
26 28
26 27
26 29
26 18
18 23
27 31
29 44
29 43
31 30
43 42
35 37
48 49
49 50
50 51
54 55
54 53
51 93
55 58
56 57
57 58
58 62
59 63
59 61
60 61
63 64
64 69
69 75
66 67
75 84
75 88
67 72
70 79
79 78
79 80
79 95
80 77
78 72
72 73
74 83
74 87
77 81
81 82
82 83
73 84
84 86
88 90
95 92
92 91