0 2 4 5 3 6 8 10 11 12 14 16 17 18 20 22 23 24 26 29 25 27 30 32 34 35 33 36 38 40 41 37 42 44 47 43 48 50 52 53 54 56 58 59 60 62 64 65 66 68 70 71 69 72 74 76 77 75 78 80 82 83 81 84 86 89 85 87 90 92 94 95
0 4
0 5
0 2
2 3
4 6
6 11
6 8
10 11
11 12
12 17
12 14
16 17
17 18
18 20
20 22
22 23
23 24
24 26
24 29
26 27
29 30
29 25
30 35
30 34
30 32
32 33
35 36
36 40
36 38
40 37
41 37
41 42
42 44
42 47
47 43
47 48
48 53
50 52
52 53
53 54
54 56
56 58
58 59
59 60
60 62
60 64
64 65
65 66
66 71
66 68
68 69
68 70
71 72
72 77
72 74
72 76
74 75
77 78
78 83
78 82
80 81
80 82
83 84
84 86
84 89
86 87
89 85
89 90
90 92
92 94
94 95