0 80 82 89 92 11 29 33 70 78 37 3 61 63 4 21 5 53 59 79 95 6 8 66 64 99 35 9 16 62 69 10 58 81 24 41 12 22 25 68 74 15 48 98 17 40 42 50 56 57 47 39 45 46 55 90 97 85 96 32 54 38 88 93 84 72 75
0 82
0 89
80 57
80 11
82 96
82 56
89 54
92 3
11 61
29 39
29 66
29 6
29 15
33 3
33 70
70 40
70 41
78 17
37 16
61 8
61 12
63 6
63 16
4 21
21 99
5 79
5 59
53 38
53 9
79 68
95 81
8 35
66 74
64 69
64 75
99 25
99 12
35 24
35 41
9 62
9 69
9 16
16 25
62 58
10 81
10 58
41 42
22 90
22 50
22 55
68 74
48 98
98 40
17 40
50 85
47 32
47 93
39 96
45 84
46 54
90 54
97 32
38 93
38 88
88 84
93 72