0 7 4 25 26 27 1 28 2 23 22 31 32 33 13 36 5 37 38 12 40 41 42 15 8 46 47 48 24 49 9 52 53 54 10 21 56 57 11 59 62 63 64 14 67 68 70 16 73 77 78 79 81 82 83 85 88 89 90 92 93 94 96 97 98 99
0 26
0 25
0 27
7 48
7 46
7 47
7 1
4 37
4 38
26 48
27 62
1 28
28 36
2 31
2 32
2 33
23 96
23 94
22 92
22 93
31 96
32 99
33 47
33 64
13 64
5 41
5 42
5 40
38 67
12 62
12 63
40 47
41 57
42 49
15 70
8 49
46 88
47 68
48 59
48 70
48 92
24 98
24 97
24 99
9 52
9 54
9 53
52 70
53 73
54 82
10 56
10 57
21 90
21 89
21 88
11 59
64 81
14 68
14 67
68 79
16 73
77 90
78 93
79 83
85 99