0 43 45 28 36 88 44 68 5 20 33 92 2 67 72 10 32 65 18 70 7 4 16 23 60 24 14 6 55 62 91 8 41 61 30 46 51 69 21 38 87 19 13 64 74 15 63 47 26 29 83 49 76 27 94 57 25 86 80 59 58 53
0 28
0 88
43 7
43 80
43 6
45 20
45 36
28 21
28 87
36 65
36 86
88 91
44 86
68 72
68 46
68 30
5 14
20 70
20 4
20 41
33 16
33 14
92 14
2 10
2 72
67 38
67 69
67 25
72 41
32 55
65 58
65 59
65 76
18 87
7 91
4 23
16 23
16 55
16 15
23 94
60 14
24 27
24 62
6 62
8 46
61 21
30 74
51 58
69 47
69 53
21 76
21 49
87 64
87 53
19 29
19 83
13 64
64 26
15 63
26 83
57 58