0 14 5 8 25 26 1 15 4 28 29 30 2 3 32 33 12 34 23 17 41 6 19 10 43 45 7 11 20 46 47 13 16 50 51 9 21 52 53 54 56 57 58 59 61 62 64 68 18 24 73 74 75 76 77 78 84 86 88 90 91 92 93 94 95 97 98
0 26
0 25
14 68
5 41
8 50
8 51
25 76
25 45
1 29
1 28
1 30
1 4
1 15
28 73
29 68
30 45
2 33
2 32
3 34
32 64
33 47
12 62
12 61
34 59
34 54
23 94
23 95
17 76
17 78
17 77
41 61
6 43
6 45
19 84
10 57
10 56
7 47
7 46
11 59
11 58
20 86
46 56
13 64
16 74
16 73
16 75
16 18
50 93
51 90
51 77
9 53
9 52
9 54
21 90
21 88
52 94
54 92
56 61
62 74
24 98
24 97
73 94
75 84
86 90
86 91
88 97