0 10 13 25 26 27 1 5 19 28 29 2 9 33 3 34 4 21 7 38 39 40 41 6 16 43 44 45 46 47 8 11 49 51 17 52 55 56 59 61 62 64 65 66 14 67 68 69 71 74 76 77 81 83 22 23 86 87 88 90 93 94 95 96 97 98
0 27
0 25
0 26
10 55
10 56
13 66
13 64
13 65
25 56
25 44
26 28
1 28
1 29
5 40
5 41
19 83
2 33
9 52
33 97
33 86
3 34
34 62
4 38
4 39
21 88
21 90
7 47
7 46
38 88
41 47
6 43
6 44
6 45
16 74
44 51
44 66
45 97
46 90
8 51
8 49
11 59
49 52
17 77
17 76
59 98
59 69
61 90
62 64
64 69
65 81
66 90
66 76
14 68
14 67
14 69
67 71
68 74
69 95
76 93
81 83
22 93
23 96
23 95
23 94
87 95