0 10 25 26 27 1 28 29 30 2 6 31 33 3 22 23 11 35 4 5 37 19 40 42 16 44 45 7 20 48 8 18 49 51 9 12 54 58 59 61 62 13 17 65 66 14 21 67 15 70 72 73 75 77 78 24 79 81 84 85 88 89 90 91 92 93 94 95 96 97
0 27
0 26
0 25
0 10
25 85
26 45
26 62
1 29
1 28
29 44
30 51
30 88
30 70
2 33
2 31
6 45
6 44
31 40
31 49
33 35
3 35
22 92
22 93
22 91
23 95
23 96
23 94
11 58
11 59
4 37
5 42
5 40
37 49
19 84
40 62
42 73
16 73
16 75
7 48
20 85
48 62
8 51
8 49
18 79
18 81
49 72
9 54
12 61
12 62
54 92
58 97
59 66
59 75
61 93
13 66
13 65
17 77
17 78
14 67
21 88
21 90
67 93
15 72
77 94
77 97
78 79
24 97
84 94
89 90