80 58 14 55 7 83 86 94 42 12 36 50 82 59 81 64 0 74 6 39 48 5 24 41 19 89 30 3 28 87 23 37 97 67 33 27 10 16 54 60 65 8 51 70 68 34 71 32 88 35 13 66 21 72 15 98 95 17 31 49 77 53 69 75 22 62 29 46 85
80 58
80 94
80 82
58 3
58 10
58 42
14 42
14 71
55 37
7 19
83 30
86 94
86 37
94 27
42 39
42 33
42 72
12 51
12 30
36 16
50 34
50 75
50 53
50 68
82 54
59 89
59 60
81 19
81 64
64 98
64 22
0 32
0 74
74 98
74 75
6 39
48 13
48 5
24 15
41 21
41 17
19 30
89 71
3 28
28 8
87 23
23 97
23 46
37 21
37 97
97 49
67 13
67 33
27 65
10 69
16 54
51 29
51 66
70 68
34 85
71 22
32 88
35 49
35 62
13 95
66 77
15 46
31 53