0 49 1 5 2 65 3 51 4 74 64 7 36 12 9 90 11 18 14 42 15 71 16 45 40 81 70 56 21 33 24 85 26 63 28 31 30 35 62 38 39 44 46 73 47 50 60 53 54 89 87 59 86 82 66 75 93 76 77 88 92
0 49
0 26
0 1
49 45
49 4
49 50
1 5
5 74
2 88
2 65
2 93
2 3
65 45
65 66
3 51
51 60
51 24
4 54
4 87
74 21
74 73
64 82
64 63
7 36
7 92
36 62
12 76
12 11
9 81
90 15
90 89
11 18
11 44
18 81
14 42
42 40
42 70
15 71
15 39
15 82
71 93
16 53
16 45
45 44
40 35
70 31
56 87
21 33
85 50
28 73
28 31
31 30
30 59
35 62
38 39
46 73
47 86
60 86
54 75
89 77