0 1 15 25 26 27 28 29 30 2 13 31 32 33 3 34 35 23 24 37 38 39 5 21 40 6 8 19 43 44 45 7 48 49 50 51 52 53 54 10 20 55 56 57 16 59 60 12 61 62 64 65 66 14 67 68 69 70 72 74 77 78 18 79 80 81 83 84 85 86 88 89 90 93 94 97 99
0 27
0 25
0 26
1 28
1 29
15 70
15 72
26 55
27 74
28 32
29 68
29 85
30 81
2 31
2 33
2 32
13 64
13 66
13 65
31 49
33 84
3 34
3 35
34 89
34 52
35 57
35 60
23 94
24 99
24 97
37 54
38 64
39 44
5 40
21 90
21 88
40 66
6 43
6 44
6 45
8 51
8 49
8 50
19 84
19 83
45 62
7 48
48 51
52 94
53 86
54 81
10 56
10 55
10 57
20 85
20 86
57 85
16 74
59 65
12 61
12 62
61 67
61 78
64 89
66 77
14 68
14 67
14 69
72 89
18 79
18 80
18 81
79 85
84 90
85 97
93 94