0 1 53 36 57 2 43 8 72 3 50 63 83 5 49 9 20 7 29 25 85 82 11 79 86 39 64 70 13 92 14 61 30 15 21 67 59 16 18 38 94 46 48 22 23 24 73 76 27 28 31 32 33 35 41 55 90 44 93 71 47 88 66 62 97 80 81 84
0 1
0 57
1 2
1 72
53 86
36 35
36 55
36 46
2 63
2 50
43 93
8 72
72 71
72 44
3 83
63 64
83 9
83 62
83 5
83 84
49 76
49 90
9 82
20 21
20 48
7 29
29 28
25 24
85 27
85 84
82 81
11 64
79 80
86 32
39 38
64 97
70 92
70 71
13 14
13 30
92 80
92 93
14 59
14 15
61 62
30 31
15 16
21 22
67 22
59 71
18 46
38 73
38 32
94 93
46 47
48 47
48 66
23 24
24 73
24 76
73 71
27 28
32 33
35 41
71 66
47 88
80 81