0 8 17 24 30 78 91 1 13 16 29 33 50 57 83 85 96 41 49 94 3 18 34 73 46 76 98 6 69 72 7 22 42 19 23 60 10 12 25 40 58 74 11 27 36 53 89 95 55 87 90 39 92 61 28 88 65 79 32 48 37 26 63 56 99 67 35 43 97
0 17
0 24
8 23
8 73
17 57
17 23
30 63
78 7
91 34
91 55
1 85
1 96
1 29
1 50
1 83
13 95
13 18
16 49
29 27
29 10
33 23
33 87
50 69
57 35
85 56
85 90
96 88
41 79
41 56
49 37
49 88
94 43
3 34
18 92
18 22
34 12
73 40
46 48
76 26
98 69
6 72
72 32
7 22
22 39
42 19
19 61
23 60
60 95
10 25
10 58
10 74
12 53
12 36
11 27
53 89
89 97
95 97
95 28
61 43
61 28
28 63
28 56
88 48
65 37
79 99
32 37
26 63
67 35