0 3 5 8 9 10 11 12 13 14 15 16 17 18 21 24 27 29 32 33 35 36 38 40 41 42 44 45 46 47 49 50 53 54 56 59 60 61 62 64 66 68 69 70 71 73 75 77 78 79 81 82 83 85 87 88 89 90 92 93 94 95 97 98 99
0 99
0 75
3 53
5 93
8 9
8 41
8 98
9 82
9 88
10 46
10 69
11 35
11 12
12 56
12 13
12 87
13 14
14 15
15 47
16 17
17 85
18 50
21 62
24 89
27 78
29 35
32 33
33 71
33 45
35 36
38 50
38 68
40 41
40 62
41 69
41 42
42 73
44 45
46 94
46 47
47 49
49 50
53 54
54 78
59 92
59 60
60 61
64 83
66 82
69 70
70 71
71 79
77 78
78 79
79 85
81 82
82 83
89 94
89 90
92 93
93 94
94 95
97 98
98 99