0 1 11 5 2 25 26 27 8 29 6 24 31 32 33 3 16 14 34 35 4 10 39 15 23 42 43 44 7 9 47 49 51 18 53 55 58 59 12 21 61 13 22 66 20 67 72 75 17 76 79 80 19 84 85 87 90 93 95 99
0 26
0 27
0 25
1 29
11 58
11 59
5 42
2 32
2 33
2 31
25 43
26 29
26 90
27 49
27 32
27 93
8 51
8 49
29 66
6 43
6 44
24 99
31 67
32 42
32 75
3 35
3 34
16 75
14 67
35 49
4 39
10 55
39 93
15 72
23 95
44 99
7 47
9 53
47 80
51 85
18 79
18 80
53 55
55 61
55 90
59 93
59 84
12 61
21 90
13 66
22 93
20 85
20 87
67 95
72 87
17 76
76 90
79 95
19 84