0 68 35 73 74 75 77 78 79 82 83 84 85 86 87 88 89 90 91 92 94 95 98 99 15 2 70 3 11 8 4 34 46 21 43 6 17 59 7 18 55 9 64 19 72 13 39 14 58 16 63 47 66 22 44 38 28 56 30 54 36 41 37 40 42 65 51 61
0 68
0 77
0 98
0 79
0 86
0 35
0 90
0 75
0 74
0 89
0 94
0 73
0 78
0 82
0 83
0 92
0 91
0 85
0 84
0 99
0 87
0 88
68 13
68 42
68 61
68 63
35 54
75 6
78 9
84 18
86 21
87 22
90 28
95 38
99 44
15 16
15 63
2 70
70 30
70 18
3 11
3 8
8 55
4 34
4 46
46 30
43 36
43 28
6 17
6 59
17 47
59 58
7 18
55 54
9 64
19 66
19 39
72 58
14 58
47 65
66 56
38 37
38 36
28 56
36 41
40 42
51 61