4 3 1 2 17 14 15 18 11 20 6 13 5 7 53 76 21 22 23 24 25 26 29 30 31 32 33 34 35 36 37 38 39 40 41 42 43 44 45 46 50 55 56 57 58 59 51 63 78 79 69 85 84 95 94 83 99 91 96 97 90 87 98 92 80 89
4 6
4 13
4 2
3 14
3 11
3 20
1 2
2 18
2 15
17 76
17 13
17 53
15 11
20 29
20 26
20 24
6 7
5 7
53 55
53 58
76 78
21 26
22 25
23 29
25 26
29 30
30 31
31 32
32 33
33 34
34 35
35 36
36 37
37 38
38 39
39 40
40 42
41 46
41 44
42 43
42 44
44 45
50 58
50 56
55 51
55 63
56 59
56 57
78 79
79 69
69 85
85 96
85 99
85 91
84 95
95 96
94 91
83 92
99 97
91 92
96 90
87 89
98 80
92 89
80 89