19 12 25 26 1 20 15 28 29 30 2 21 9 33 3 5 36 4 14 13 39 16 7 42 6 18 43 47 8 51 11 52 53 54 10 23 56 58 59 60 17 62 65 66 68 70 71 72 73 74 75 77 78 80 83 84 89 91 96 99
19 83
19 84
12 62
25 74
26 65
1 30
1 28
1 29
1 20
15 72
15 71
15 70
29 54
30 58
2 33
21 89
9 54
9 52
9 53
33 52
3 36
5 42
36 73
36 91
4 39
14 68
13 66
13 65
39 68
39 91
16 75
16 74
16 73
7 47
42 53
6 43
18 80
43 96
47 59
8 51
51 83
11 59
11 58
11 60
52 56
54 89
54 62
10 56
23 96
59 66
60 99
17 78
17 77
71 77
72 75
72 96
78 84
80 84
83 99