0 10 26 1 11 17 30 31 33 3 16 20 13 34 38 39 5 24 40 41 6 45 7 18 47 48 8 49 52 21 55 56 19 58 59 12 62 63 64 65 66 14 23 68 69 70 72 73 74 76 78 79 80 82 83 84 85 86 87 88 89 90 91 92 94 95 96 97 99
0 26
10 55
10 56
26 73
1 30
11 59
11 58
17 78
17 76
30 58
30 73
31 89
31 70
33 65
3 34
16 73
16 74
20 87
20 85
20 86
13 65
13 64
13 66
34 41
34 68
38 64
39 85
5 41
5 40
24 97
24 99
6 45
45 83
7 48
7 47
18 80
18 79
47 91
47 80
8 49
49 62
52 90
21 89
21 90
21 88
55 94
19 84
19 83
19 82
12 63
12 62
62 92
62 96
66 74
66 82
14 69
14 68
23 94
23 95
23 96
68 82
68 91
70 72
76 86
84 96
84 88
86 96
90 99