0 57 61 55 70 71 72 73 74 76 77 78 80 81 82 83 84 86 87 88 89 90 91 93 94 95 97 98 99 1 45 7 3 47 46 28 6 31 8 10 9 11 67 21 53 41 14 56 15 26 17 19 27 69 51 23 24 65 32 36 38 60 62
0 57
0 55
0 61
0 87
0 76
0 88
0 98
0 94
0 93
0 74
0 91
0 70
0 77
0 89
0 83
0 97
0 99
0 71
0 82
0 78
0 73
0 95
0 84
0 80
0 72
0 86
0 81
57 21
61 36
55 8
71 3
73 6
74 7
76 9
80 15
82 17
86 23
90 28
93 32
98 38
1 45
45 24
45 46
7 46
7 31
3 47
46 19
28 41
28 19
8 10
11 67
67 38
21 14
53 23
14 56
56 62
26 65
19 27
19 69
69 51
65 62
65 60