0 2 55 63 64 65 66 68 69 70 71 72 73 74 75 76 77 78 79 80 82 83 84 85 86 88 89 90 91 92 93 94 95 96 97 98 99 1 38 28 3 6 21 31 14 42 7 59 37 9 43 11 50 29 13 18 22 25 53 27 51 30 33 44 32 36
0 2
0 55
0 72
0 98
0 64
0 76
0 84
0 97
0 80
0 70
0 95
0 85
0 68
0 69
0 79
0 89
0 90
0 82
0 86
0 91
0 93
0 63
0 66
0 83
0 74
0 73
0 96
0 94
0 75
0 71
0 88
0 92
0 77
2 28
55 25
55 9
64 6
65 7
69 11
71 13
72 14
77 21
78 22
84 29
85 30
86 31
88 33
91 36
92 37
93 38
97 42
98 43
99 44
1 38
3 6
31 44
7 59
59 36
11 50
18 22
22 53
25 51
53 32
27 33
51 32