37 50 73 81 1 80 89 95 19 29 57 12 28 39 83 87 4 22 47 62 77 9 18 32 55 67 6 21 48 88 92 40 94 34 42 46 10 64 68 71 72 56 74 33 14 15 51 38 44 69 17 98 20 86 76 54 45 58 97 78 70 85
37 15
37 45
50 21
50 20
73 1
81 68
81 15
1 89
80 70
80 29
89 64
95 68
19 98
29 97
29 67
29 58
57 74
12 56
12 74
28 62
39 58
83 62
83 72
87 10
4 22
4 47
22 34
47 64
77 45
77 34
9 42
18 17
18 46
18 69
32 42
55 34
55 70
6 92
21 56
21 33
48 54
88 51
92 71
40 46
40 34
94 46
34 71
42 71
10 64
68 14
71 78
72 86
56 78
33 38
51 45
44 58
44 85
69 54
17 98
86 97
76 58