91 5 2 8 18 3 52 14 99 32 62 37 88 89 50 73 10 17 55 48 75 60 29 95 40 92 57 65 33 21 31 82 86 9 71 70 98 4 69 54 51 80 90 27 36 93 66 45 13 47 25 41 34 76 7 26 1 11 23 77 35 19 12 78 87 22 16
91 92
91 9
5 87
5 88
5 71
5 52
2 19
8 99
8 88
8 93
18 86
18 60
18 25
3 54
14 69
99 7
99 80
32 95
62 37
37 82
37 57
37 95
89 11
89 31
50 33
50 80
73 55
10 76
10 70
17 82
55 66
48 80
75 60
29 90
29 57
29 22
95 12
95 16
40 16
40 78
92 19
92 70
57 34
65 34
65 26
33 45
33 51
21 12
31 98
31 71
82 54
86 77
86 41
71 47
4 26
69 54
51 35
27 16
36 45
66 45
45 76
13 47
25 1
34 77
76 12
23 35