15 25 27 1 4 29 30 2 24 31 33 3 22 35 36 5 40 6 7 43 44 45 14 19 46 47 48 8 49 9 52 53 54 11 60 61 13 16 64 66 67 70 71 72 73 74 75 17 76 77 79 80 81 83 86 89 91 92 93 94 96 97
15 70
15 72
15 71
25 97
27 91
1 30
1 29
4 3
29 43
29 71
2 31
2 33
24 97
31 44
3 35
3 36
22 93
22 92
22 91
35 43
36 60
5 40
40 46
6 43
6 45
6 44
7 48
7 46
7 47
43 46
43 86
43 77
45 97
14 67
19 83
46 75
48 91
48 64
8 49
49 74
9 52
9 54
9 53
53 80
54 77
11 60
61 83
13 66
13 64
16 75
16 74
16 73
67 86
73 96
17 77
17 76
79 80
80 89
81 91
83 86
94 97