1 0 2 3 4 5 6 8 9 10 11 13 15 17 18 19 20 21 22 25 26 29 30 32 33 34 35 37 39 41 43 46 48 50 52 53 54 55 56 57 58 60 61 62 63 64 66 68 69 71 73 74 76 78 79 81 85 88 91 94 95 97 98 99
1 2
1 0
0 43
0 78
2 3
3 4
3 56
3 52
5 6
6 85
8 88
9 74
9 10
9 11
10 20
10 60
13 79
15 34
17 25
17 18
19 64
19 85
20 52
20 21
21 22
22 25
26 68
29 97
29 95
30 62
30 55
32 33
32 55
33 68
34 46
35 79
35 85
37 46
37 76
37 95
39 58
41 94
46 60
48 68
50 78
50 79
53 57
53 61
54 55
55 56
56 61
57 58
60 71
63 74
63 81
64 73
66 99
66 69
68 69
69 94
78 88
91 95
98 99