0 30 40 4 66 67 68 69 70 71 72 73 74 75 76 77 78 79 80 81 82 85 86 87 88 89 90 92 94 95 96 97 98 1 22 2 28 57 3 44 37 29 48 6 31 7 8 9 63 27 42 11 15 38 59 12 23 49 41 33 21 18 25 20 46 53 61 36 62 39 60
0 30
0 4
0 40
0 75
0 77
0 98
0 97
0 87
0 67
0 88
0 68
0 69
0 86
0 74
0 89
0 82
0 79
0 94
0 81
0 76
0 73
0 80
0 78
0 85
0 72
4 48
4 29
66 3
69 8
70 9
71 12
75 20
76 21
81 27
89 36
90 37
92 39
94 41
95 42
96 44
97 46
1 22
22 46
2 57
2 28
28 11
57 61
57 39
3 44
3 37
37 7
37 49
48 63
6 31
31 61
31 53
9 63
63 18
42 60
11 59
11 15
11 38
15 33
38 20
12 23
12 49
49 39
18 25
53 60
36 62