1 2 3 4 6 7 8 9 10 12 13 15 16 17 18 19 20 21 22 23 24 25 26 28 30 32 33 34 35 37 39 41 42 43 44 45 46 48 50 52 53 54 55 56 57 58 60 61 62 63 64 65 66 67 68 69 70 71 73 74 75 76 77 78 79 80 82 84 85 86 88 90 91 92 93 95 96 97 98
1 2
2 6
3 65
4 79
6 74
6 7
7 63
7 68
7 8
9 10
9 95
10 57
12 64
13 53
15 16
15 90
16 17
17 52
18 32
19 62
19 46
19 39
20 21
20 95
20 86
21 22
22 90
23 24
23 64
24 25
24 63
26 74
28 70
30 35
30 63
32 33
33 75
33 34
37 88
37 54
41 42
42 55
42 97
43 62
43 44
45 67
48 80
50 93
53 68
54 55
54 85
55 56
58 97
60 86
60 61
62 91
62 78
62 63
63 93
64 65
64 98
66 90
67 74
67 82
69 70
70 96
70 71
73 96
74 75
76 77
77 78
77 84
78 79
79 80
84 85
91 92
91 96
95 96