0 32 38 41 72 86 1 30 77 2 11 15 26 27 43 50 59 84 88 89 95 10 39 49 76 17 56 94 19 20 90 34 52 7 73 16 58 75 67 80 12 25 36 53 47 96 64 63 29 69 40 37 98 79 61 48 42 99 83
0 32
32 73
32 38
38 61
38 96
41 27
72 59
72 67
72 40
72 52
86 95
1 77
1 30
30 37
30 39
30 98
2 89
2 88
2 15
2 27
2 43
2 59
11 80
15 64
15 49
26 34
27 36
50 88
50 42
59 53
59 17
84 73
84 39
84 47
84 75
84 79
89 58
89 80
89 16
95 48
10 58
39 19
76 7
76 29
56 69
94 90
94 69
20 64
90 61
34 25
73 36
67 83
12 36
12 25
64 29
63 29
37 48
79 99