0 1 2 3 4 5 6 7 8 9 10 11 12 13 14 15 16 18 20 21 22 23 24 26 28 29 30 31 32 33 34 35 36 37 39 40 41 42 43 45 46 47 49 50 51 52 53 54 55 57 58 59 60 61 62 63 64 67 68 69 70 71 72 74 75 76 77 78 80 81 82 84 86 87 88 90 91 92 93 94 95 96 98 99
0 1
0 8
1 2
1 31
3 4
4 5
4 88
5 67
6 64
6 7
7 8
8 9
9 10
10 92
10 11
11 12
12 13
13 14
14 15
15 16
18 23
20 21
20 60
21 22
22 23
23 24
26 71
28 29
29 30
30 31
31 32
32 33
32 84
33 34
34 35
35 36
36 37
39 40
40 41
41 82
41 42
42 51
42 43
45 90
45 46
46 47
49 50
50 90
50 51
51 52
52 53
53 54
54 55
57 58
58 59
59 60
60 61
61 72
61 62
62 63
63 64
67 68
67 77
68 69
69 70
70 71
71 72
72 99
74 75
75 76
76 77
77 78
80 81
81 82
86 87
87 88
90 91
91 92
92 93
93 94
94 95
95 96
98 99