0 9 18 25 26 1 8 20 29 30 2 24 31 32 33 3 4 11 34 36 12 16 23 38 39 5 15 40 41 6 14 43 44 45 7 46 48 50 51 52 53 10 21 55 56 57 13 61 63 64 67 68 70 71 72 73 74 75 76 77 78 19 79 81 82 86 87 22 88 89 91 94 95 96 97 98 99
0 26
0 25
9 53
9 52
18 79
18 81
26 56
1 30
1 29
8 51
8 50
20 87
20 86
29 39
2 31
2 32
2 33
24 97
24 99
24 98
31 36
31 87
3 34
3 11
4 39
4 38
34 55
34 36
12 63
12 61
16 73
16 75
16 74
23 95
23 94
23 96
38 71
38 91
5 41
5 40
15 72
15 70
15 71
41 86
6 44
6 43
6 45
6 14
14 67
14 68
43 88
7 46
46 57
46 99
48 57
48 76
50 71
51 78
52 73
53 70
53 64
10 56
10 57
10 55
21 88
21 89
13 64
63 94
70 94
72 81
77 78
19 82
79 89
82 86
86 88
22 91