0 57 74 75 76 77 78 79 80 81 82 83 84 85 86 87 88 89 90 91 92 93 94 96 97 98 1 2 58 24 25 4 61 45 5 72 6 71 7 23 8 9 10 27 42 11 43 12 19 13 32 34 70 16 37 40 31 21 22 26 29 69 30 59 44 67 54 53
0 57
0 97
0 89
0 75
0 85
0 74
0 87
0 94
0 82
0 81
0 88
0 76
0 84
0 90
0 92
0 79
0 91
0 98
0 77
0 86
0 80
57 31
57 26
74 1
75 2
77 4
78 6
80 8
81 9
83 11
84 13
87 16
90 19
92 21
93 22
96 25
2 24
2 58
24 10
25 40
4 61
4 45
61 44
45 54
5 72
72 12
72 7
6 71
71 70
7 23
10 27
10 42
11 43
43 40
12 19
13 34
13 70
13 32
32 59
34 67
70 69
16 37
37 22
37 30
40 31
29 69
67 53