0 49 84 1 15 2 74 3 44 10 4 52 5 47 6 53 7 13 58 46 9 78 81 11 65 12 37 14 16 54 83 18 19 79 20 38 21 31 45 62 23 75 25 32 28 61 90 67 91 36 92 63 43 68 48 50 89 51 55 56 72 59 66 77 88 64 73 69 82
0 31
0 49
49 46
49 50
84 56
84 82
1 15
1 62
15 72
15 47
15 32
2 83
74 65
3 10
44 77
44 65
44 21
10 81
4 48
52 91
52 73
5 18
5 67
6 53
53 25
7 9
13 14
13 45
58 18
46 23
46 20
9 67
78 83
81 72
11 65
65 56
65 25
65 45
12 37
37 89
16 83
16 54
54 68
83 90
83 88
18 73
19 21
19 79
20 38
21 68
21 31
75 69
25 63
28 63
61 92
61 77
90 66
36 63
43 51
68 48
68 73
50 89
51 55
51 56
56 72
72 64
59 66
69 82