0 2 4 5 1 3 23 24 7 17 16 10 12 15 6 18 21 14 22 11 9 8 13 20 30 32 29 34 43 44 42 39 41 46 36 25 27 33 35 48 49 28 47 37 69 93 70 92 89 95 71 72 73 74 75 78 79 88 98 96 60 53 85 87 97 54 63 55 67 57 65 58 83 81 90 50
0 9
0 14
2 3
2 4
2 13
2 47
4 1
5 1
5 73
5 12
1 16
1 7
1 39
3 20
3 22
23 30
23 90
23 89
23 24
7 32
7 96
17 67
17 44
17 42
16 18
16 53
10 32
10 92
12 9
15 39
6 18
6 67
21 13
22 79
11 74
8 35
8 33
30 29
32 29
34 92
34 27
43 44
42 87
39 63
41 47
46 48
36 74
36 72
25 37
27 37
33 72
48 49
49 28
28 74
47 81
69 95
69 93
93 70
70 92
92 71
89 88
71 72
74 75
75 78
88 85
98 60
98 97
60 54
53 50
54 63
54 55
63 65
67 57
57 58
58 83