0 37 20 59 61 62 66 68 69 71 72 73 75 76 77 78 79 80 81 82 83 84 86 88 89 90 91 92 93 94 96 97 98 99 1 45 31 30 3 13 24 5 34 9 8 50 10 40 52 57 11 47 29 14 51 18 55 16 17 33 25 38 28 58
0 20
0 61
0 97
0 37
0 68
0 86
0 84
0 66
0 81
0 72
0 88
0 96
0 73
0 59
0 77
0 80
0 91
0 62
0 82
0 92
0 75
0 71
0 69
0 76
0 90
0 89
0 79
0 98
37 5
20 10
20 25
59 1
62 8
66 13
69 17
77 28
78 29
79 30
82 33
83 34
86 38
93 50
94 51
97 55
99 57
1 31
1 45
30 58
3 13
24 25
34 11
9 50
50 10
10 40
10 57
10 52
40 18
57 11
11 47
11 29
47 16
14 51
14 18