0 1 2 3 4 10 12 13 16 6 7 9 11 15 18 17 21 27 25 19 32 33 20 24 26 31 34 35 39 41 42 38 44 45 46 48 51 49 50 52 61 53 55 59 57 58 60 65 66 63 62 67 68 73 70 72 71 76 77 81 88 79 82 85 87 89 86 91 99 90 93 92 95 96 97 98
0 2
0 1
2 3
3 4
4 12
4 13
10 6
10 11
10 13
12 16
12 18
13 21
6 9
6 7
11 15
15 25
15 27
18 19
18 32
17 21
25 26
25 24
19 20
19 33
32 31
33 35
33 34
34 39
35 41
39 38
39 42
41 44
44 45
45 46
45 51
46 48
51 49
49 50
50 52
52 55
52 53
52 61
61 63
55 59
59 58
59 65
57 58
60 66
65 68
65 67
66 68
63 62
67 73
73 72
73 77
70 76
70 71
71 77
76 81
77 88
77 79
88 89
79 82
85 87
85 89
87 86
89 99
86 91
91 90
99 98
99 97
90 93
93 92
95 96
96 97