1 2 4 6 7 8 9 11 12 14 15 16 18 19 21 22 23 25 26 28 29 30 32 33 35 36 37 39 40 42 43 44 46 47 49 50 51 53 54 56 57 58 60 61 63 64 65 67 68 70 71 72 74 75 77 78 79 81 82 84 85 86 88 89 91 92 93 95 96 98
1 4
2 6
2 4
6 7
7 8
8 11
9 12
11 12
12 14
14 15
15 18
16 19
18 19
19 21
21 22
22 25
23 26
25 26
26 28
28 29
29 32
30 33
32 33
33 35
35 36
36 39
37 40
39 40
40 42
42 43
43 46
44 47
46 47
47 49
49 50
50 53
51 54
53 54
54 56
56 57
57 60
58 61
60 61
61 63
63 64
64 67
65 68
67 68
68 70
70 71
71 74
72 75
74 75
75 77
77 78
78 81
79 82
81 82
82 84
84 85
85 88
86 89
88 89
89 91
91 92
92 95
93 96
95 96
96 98