0 1 2 4 6 7 8 9 10 20 30 40 60 70 80 90 91 92 93 94 95 96 97 98 99 19 29 39 49 59 79 89 11 13 14 15 16 17 18 21 31 41 51 61 71 81 82 83 84 85 86 87 88 28 38 48 58 68 78 22 23 25 26 27 32 42 52 62 72 73 74 75 76 77 37 47 67 33 36 43 53 63 64 65 66 46 45 54 55
0 1
0 10
1 2
4 14
6 7
7 8
8 9
9 19
10 20
20 30
30 40
40 41
60 70
70 80
80 90
90 91
91 92
92 93
93 94
94 95
95 96
95 85
96 97
97 98
98 99
99 89
19 29
29 39
39 49
49 59
59 58
79 89
11 21
13 14
14 15
15 16
16 17
17 18
18 28
21 31
31 41
41 51
51 61
61 71
71 81
81 82
82 83
83 84
84 85
85 86
85 74
86 87
87 88
88 78
28 38
38 48
48 58
58 68
58 47
68 78
22 23
22 32
25 26
26 27
27 37
32 42
42 52
52 62
52 53
62 72
72 73
73 74
74 75
75 76
76 77
77 67
37 47
47 46
33 43
36 46
43 53
43 45
53 63
63 64
64 65
65 66
45 55
54 55