0 14 23 19 25 26 27 1 2 3 30 31 16 34 35 36 4 10 37 38 39 5 17 20 41 6 15 12 43 44 45 7 9 46 8 18 49 50 52 53 24 56 57 11 58 59 60 61 62 63 13 22 64 67 70 73 75 77 79 80 81 82 85 86 87 21 89 91 92 93 96 97
0 25
0 26
0 27
14 67
23 96
19 82
25 39
26 82
27 52
1 30
2 31
3 36
3 34
3 35
30 67
31 39
16 75
16 73
36 45
36 64
4 37
4 39
4 38
10 56
10 57
39 63
5 41
17 77
20 86
20 87
20 85
41 58
6 44
6 45
6 43
15 70
12 63
12 61
43 93
44 73
45 97
7 46
9 53
9 52
46 92
8 49
8 50
18 81
18 79
18 80
49 89
50 81
50 73
52 64
52 67
24 97
56 80
57 62
11 58
11 59
11 60
59 86
62 77
62 70
13 64
22 92
22 93
22 91
87 91
21 89
92 96