0 23 25 26 27 1 8 19 16 28 29 2 31 5 34 35 4 20 37 39 12 18 40 41 6 14 43 44 45 7 24 46 47 48 49 51 21 52 53 54 10 15 55 11 17 60 61 66 67 68 69 22 72 75 77 78 80 81 84 86 89 92 94 96 97 98 99
0 27
0 26
0 25
23 94
25 60
26 47
27 68
1 29
1 28
8 49
8 51
19 84
16 75
29 81
2 31
31 75
31 98
5 40
5 41
34 77
35 44
35 99
4 39
4 37
20 86
39 48
39 61
12 61
18 80
18 81
40 69
41 53
6 44
6 43
6 45
14 69
14 67
14 68
43 69
45 94
7 46
7 47
7 48
24 98
24 97
24 99
46 86
48 55
49 66
51 92
21 89
52 78
54 96
54 97
10 55
15 72
55 89
11 60
17 77
17 78
61 81
69 84
22 92
72 80
75 92
77 94