11 25 26 27 1 9 29 30 2 23 21 31 32 33 3 24 35 36 6 37 38 39 20 42 43 44 7 10 46 47 48 22 50 19 52 53 54 16 55 58 59 60 17 61 63 13 66 67 69 71 72 73 75 78 18 79 80 81 82 84 85 86 91 92 93 94 95 97 99
11 59
11 58
11 60
25 78
25 42
26 61
27 85
27 32
1 29
1 30
9 54
9 52
9 53
29 60
30 36
30 80
2 33
2 32
2 31
2 21
23 95
23 94
32 47
32 71
33 35
33 94
3 36
24 97
24 99
6 44
6 43
37 91
37 69
38 97
39 46
20 86
20 85
43 66
7 48
7 47
7 46
7 10
10 55
46 60
47 53
47 99
48 61
48 50
22 91
22 92
22 93
50 67
19 84
19 82
16 73
16 75
58 72
59 78
17 78
61 63
13 66
66 72
75 86
18 79
18 81
18 80
79 84
92 99