0 1 2 3 4 5 6 7 8 9 10 11 12 13 14 15 16 17 19 20 21 22 23 24 25 26 27 28 29 30 31 32 33 34 35 36 37 38 39 40 41 42 43 60 61 62 63 64 67 68 69 70 71 72 74 75 80 79 78 81 82 92 94 95 90 83 84 91 59 58 57 56 46 47 48 49 50
0 1
0 91
0 59
1 2
2 3
3 4
4 5
5 6
6 7
7 8
8 9
9 10
10 11
11 12
12 68
12 13
13 14
14 15
15 16
16 17
19 20
20 21
21 22
22 23
23 24
24 25
25 26
25 75
26 27
27 28
28 29
29 30
30 31
31 32
32 33
33 34
34 35
35 36
35 60
36 37
37 38
38 39
38 84
39 40
39 83
40 41
40 90
41 42
42 43
60 61
61 62
61 80
62 63
63 64
64 69
67 68
69 70
70 71
70 81
71 72
74 75
80 79
79 78
81 82
82 92
92 94
94 95
90 91
59 46
59 47
59 48
59 49
59 50
59 56
59 57
59 58