8 4 10 5 16 18 23 12 24 27 21 29 7 30 32 33 34 36 2 37 3 39 15 19 40 1 41 20 42 26 43 44 0 45 46 17 22 47 51 52 53 54 55 59 60 61 62 64 66 67 28 38 68 11 69 70 71 73 74 14 75 77 79 80 81 83 85 86 87 88 89 90 91 92 93 95 96 97 99
8 4
8 67
8 10
4 45
10 51
10 89
5 83
5 18
16 90
18 24
23 33
23 12
12 43
12 69
27 21
21 30
29 69
7 34
30 37
32 85
33 54
34 97
36 2
36 83
2 68
2 61
37 3
3 92
3 53
39 93
39 15
39 19
15 90
19 59
40 91
40 80
40 1
41 20
20 60
20 85
42 26
42 55
26 62
43 75
44 68
44 95
44 0
0 53
46 22
46 17
17 52
47 77
51 87
52 70
60 80
62 64
64 79
66 96
66 74
67 38
67 28
28 70
38 73
68 11
11 87
11 88
69 71
71 95
73 91
74 14
14 80
14 86
77 89
79 81
81 89
86 99
87 97
93 99