79 12 96 40 29 37 60 38 91 6 39 89 10 54 42 97 8 17 55 98 21 48 83 49 68 81 24 19 64 46 18 1 43 51 75 66 71 59 27 72 36 25 58 0 90 61 62 2 47 34 35 53 85 33 11 86 93 26 5
79 29
79 24
79 37
12 60
96 40
96 2
29 8
29 43
37 90
60 43
60 21
38 98
38 91
38 46
91 47
91 6
6 64
39 5
39 10
89 55
89 51
10 85
54 36
42 2
97 68
97 64
8 34
8 36
17 71
17 27
17 61
55 25
21 2
48 86
48 46
83 36
83 75
49 93
68 25
81 62
24 1
24 66
19 71
18 72
18 0
1 26
1 61
43 58
43 72
75 35
59 58
27 5
27 93
25 33
62 47
34 86
53 11
11 93