0 29 32 33 51 56 76 27 38 79 2 4 13 40 41 52 70 77 47 53 31 12 28 50 57 17 14 44 54 66 22 65 67 10 34 61 64 69 86 16 84 94 73 90 95 85 42 99 19 81 20 71 89 21 30 23 87 24 78 48 58 68 92 55 36 96 98 91 45 49 74 82
0 56
29 56
29 13
29 57
32 69
32 44
32 23
32 12
33 90
33 95
51 69
51 85
56 19
76 70
76 91
76 96
27 41
38 90
79 10
2 4
2 70
13 90
40 90
41 86
52 36
52 54
77 85
47 94
53 87
53 50
31 92
31 68
28 14
28 16
50 45
57 92
17 99
44 10
44 55
54 82
54 78
66 21
22 84
65 49
65 98
67 19
10 86
34 58
34 16
61 84
61 42
64 94
69 91
86 42
86 98
16 85
84 21
94 24
94 96
73 68
90 30
99 20
19 81
20 71
71 87
71 91
89 78
78 74
48 36
68 49
36 96