10 21 25 26 27 1 23 16 28 29 30 2 6 20 31 32 33 11 34 35 4 13 37 38 39 5 41 42 43 44 45 7 8 46 47 15 49 51 18 54 55 59 60 12 62 19 64 65 66 14 67 68 69 71 73 17 76 78 79 80 24 82 83 84 85 86 87 88 89 90 91 93 94 95 96 98
10 55
21 88
21 89
21 90
25 73
26 44
27 34
1 28
1 30
1 29
23 94
23 96
23 95
16 73
28 31
29 73
30 94
2 32
2 31
2 33
6 44
6 43
6 45
20 86
20 85
20 87
11 60
11 59
34 43
35 68
4 39
4 38
4 37
13 66
13 64
13 65
37 49
38 45
5 41
5 42
42 98
7 46
7 47
8 49
8 51
46 76
47 60
47 85
15 71
49 93
51 98
18 79
18 80
54 84
54 98
55 89
12 62
62 89
19 84
19 82
19 83
65 91
65 88
66 71
14 68
14 69
14 67
67 90
68 87
17 76
17 78
80 94
24 98
83 87
83 95