0 14 19 21 7 26 27 1 22 29 30 2 31 32 33 3 20 35 36 6 5 37 38 39 40 42 44 45 46 47 8 16 49 50 51 15 23 52 53 54 10 18 55 57 11 58 59 60 61 62 65 66 68 69 70 75 17 76 77 78 80 81 82 84 85 86 88 89 91 92 93 95 97 98 99
0 27
0 26
14 69
14 68
19 82
19 84
21 88
21 89
7 47
7 46
26 99
26 53
27 40
1 29
1 30
22 93
22 92
22 91
29 93
30 47
2 31
2 32
2 33
31 78
31 50
32 37
33 69
33 59
3 35
3 36
20 86
20 85
36 95
6 44
6 45
5 42
5 40
38 52
38 98
38 39
39 89
40 47
44 59
44 54
46 78
47 57
8 51
8 49
8 50
16 75
49 65
51 97
15 70
23 95
53 75
10 57
10 55
18 81
18 80
11 58
11 60
11 59
58 95
58 66
60 81
61 68
61 62
68 86
70 77
17 77
17 78
17 76
76 84
77 88