0 14 28 29 50 57 74 81 84 26 69 2 3 4 11 34 40 44 58 85 5 9 43 64 66 25 73 88 97 98 42 90 12 92 15 22 27 86 31 35 60 67 10 41 82 19 53 13 36 38 79 37 59 68 45 17 51 78 96 80 52 95 23 75 91 77 99
0 57
0 84
14 98
28 41
28 84
28 91
29 17
50 23
74 75
81 40
81 85
84 90
26 68
69 59
69 3
69 77
2 3
2 11
2 44
3 58
4 5
11 19
34 9
40 58
58 31
58 78
5 25
5 97
9 31
9 66
43 10
43 96
64 59
66 79
25 27
25 53
73 12
73 95
73 99
88 27
88 22
98 23
42 13
90 96
90 35
92 96
15 59
22 80
27 38
86 53
31 41
35 75
60 52
60 68
60 37
67 52
10 82
41 37
53 23
13 38
13 36
79 95
45 78
17 78
51 23
78 23