0 7 4 44 74 75 76 78 79 81 83 84 85 88 89 90 91 92 93 94 95 97 98 99 1 3 2 63 50 30 5 38 6 20 8 9 15 10 11 12 13 67 40 14 53 73 64 17 32 54 21 22 72 23 24 55 25 27 28 56 51 29 34 46
0 44
0 92
0 74
0 4
0 89
0 98
0 7
0 94
0 84
0 79
0 81
0 91
0 90
0 99
0 88
0 76
0 83
0 75
0 78
0 85
0 95
0 97
4 30
44 15
44 53
75 2
78 5
79 6
81 8
83 10
84 11
85 12
89 17
92 21
93 23
94 24
95 25
97 28
1 3
3 63
3 50
63 23
50 40
50 53
30 27
5 38
38 22
6 20
9 15
15 64
13 40
13 67
14 73
14 53
73 46
17 32
32 29
54 27
22 72
72 34
24 55
28 56
28 51