0 1 2 4 8 16 32 64 9 17 33 65 6 10 18 7 11 19 35 67 36 68 13 21 37 69 14 22 38 70 23 24 40 25 41 73 26 42 74 27 28 44 76 29 77 30 46 31 47 79 48 80 49 81 50 82 51 52 84 53 54 55 87 56 88 89 90 59 91 61 93 62 94 97 98 99
0 1
0 16
0 4
1 9
2 6
8 10
32 33
32 36
32 40
64 68
9 73
17 25
17 21
33 97
33 41
65 97
65 67
6 22
6 70
6 7
10 74
18 82
18 50
11 27
19 51
35 51
36 44
36 52
68 76
68 69
68 70
13 29
21 53
21 23
37 53
14 30
14 46
22 30
22 54
38 54
23 31
23 55
23 87
24 25
24 88
40 42
25 89
73 89
26 27
26 30
26 90
74 90
27 31
27 91
28 29
29 31
77 79
77 93
46 47
48 52
48 56
80 81
80 88
80 84
49 51
82 90
51 59
51 55
52 53
53 61
54 62
89 93
90 94
97 99
98 99