0 2 25 24 64 66 67 68 69 70 71 72 74 75 76 77 78 81 82 84 85 86 87 88 89 90 91 92 93 94 95 96 97 98 99 1 36 33 44 4 5 42 37 7 52 9 58 11 13 14 15 41 16 40 17 20 22 19 23 54 27 30 50 39 47 60
0 24
0 2
0 67
0 84
0 70
0 25
0 92
0 82
0 81
0 75
0 89
0 90
0 96
0 94
0 68
0 91
0 95
0 93
0 87
0 78
0 99
0 88
0 76
0 72
0 66
0 64
0 97
0 74
0 85
0 71
0 86
0 98
0 69
25 9
24 54
24 41
64 4
71 13
72 14
75 17
76 19
77 20
86 33
88 36
89 39
97 50
99 52
1 36
44 4
5 37
5 42
42 22
37 30
37 41
7 52
9 11
9 58
15 41
16 40
40 19
17 20
23 54
27 30
39 47
47 60