81 62 99 50 59 3 9 82 63 2 6 86 53 78 87 16 49 68 92 90 44 58 23 95 65 61 37 34 84 46 21 29 71 60 72 43 0 55 93 28 24 1 79 54 48 39 75 15 26 32 94 40 5 56 27 11 38 73 69 66 12 98 10 20 77
81 99
81 50
81 59
81 3
62 63
99 29
50 32
50 60
50 55
59 20
3 54
9 93
9 53
82 0
63 40
63 11
2 87
2 6
86 65
86 46
78 69
87 1
87 28
16 68
16 49
68 44
68 40
92 94
90 58
90 72
44 95
58 29
58 15
23 75
65 11
61 56
61 38
61 37
34 1
34 56
34 73
34 10
84 27
21 93
21 0
71 73
60 11
72 94
43 77
43 73
0 32
0 26
55 66
93 1
28 24
28 79
24 5
24 12
1 75
79 39
54 48
5 69
27 98
12 98